TN:
SF:src\app.js
FNF:0
FNH:0
DA:1,1
DA:2,1
DA:3,1
DA:4,1
DA:5,1
DA:6,1
DA:7,1
DA:8,1
DA:9,1
DA:10,1
DA:11,1
DA:12,1
DA:13,1
DA:14,1
LF:14
LH:14
BRF:0
BRH:0
end_of_record
TN:
SF:src\controllers\cart.controllers.js
FN:5,addItemToCart
FN:36,updateItemToCart
FN:72,deleteItemToCart
FN:107,getCart
FN:126,clearCart
FNF:5
FNH:5
FNDA:7,addItemToCart
FNDA:3,updateItemToCart
FNDA:4,deleteItemToCart
FNDA:4,getCart
FNDA:2,clearCart
DA:1,1
DA:2,1
DA:3,1
DA:4,1
DA:5,7
DA:6,7
DA:7,7
DA:8,7
DA:9,0
DA:10,0
DA:11,7
DA:12,7
DA:13,7
DA:14,7
DA:15,7
DA:16,7
DA:17,7
DA:18,5
DA:19,5
DA:20,7
DA:21,7
DA:22,7
DA:23,7
DA:24,1
DA:25,7
DA:26,6
DA:27,6
DA:28,7
DA:29,7
DA:30,7
DA:31,7
DA:32,7
DA:33,7
DA:34,7
DA:35,7
DA:36,3
DA:37,3
DA:38,3
DA:39,3
DA:40,3
DA:41,0
DA:42,0
DA:43,3
DA:44,3
DA:45,3
DA:46,3
DA:47,3
DA:48,3
DA:49,3
DA:50,1
DA:51,1
DA:52,1
DA:53,1
DA:54,2
DA:55,2
DA:56,2
DA:57,3
DA:58,1
DA:59,1
DA:60,1
DA:61,1
DA:62,1
DA:63,1
DA:64,1
DA:65,1
DA:66,1
DA:67,1
DA:68,1
DA:69,1
DA:70,1
DA:71,1
DA:72,4
DA:73,4
DA:74,4
DA:75,4
DA:76,1
DA:77,3
DA:78,3
DA:79,3
DA:80,3
DA:81,3
DA:82,3
DA:83,3
DA:84,4
DA:85,1
DA:86,1
DA:87,1
DA:88,1
DA:89,2
DA:90,2
DA:91,2
DA:92,2
DA:93,2
DA:94,4
DA:95,1
DA:96,1
DA:97,1
DA:98,1
DA:99,1
DA:100,1
DA:101,1
DA:102,1
DA:103,1
DA:104,1
DA:105,1
DA:106,1
DA:107,4
DA:108,4
DA:109,4
DA:110,4
DA:111,4
DA:112,4
DA:113,1
DA:114,1
DA:115,1
DA:116,4
DA:117,4
DA:118,4
DA:119,4
DA:120,4
DA:121,4
DA:122,4
DA:123,4
DA:124,4
DA:125,4
DA:126,2
DA:127,2
DA:128,2
DA:129,2
DA:130,2
DA:131,2
DA:132,2
DA:133,1
DA:134,1
DA:135,1
DA:136,1
DA:137,1
DA:138,1
DA:139,1
DA:140,1
DA:141,1
DA:142,1
DA:143,1
DA:144,1
DA:145,1
DA:146,1
DA:147,1
DA:148,1
DA:149,1
DA:150,1
LF:150
LH:146
BRDA:5,0,0,7
BRDA:8,1,0,0
BRDA:17,2,0,5
BRDA:23,3,0,1
BRDA:25,4,0,6
BRDA:21,5,0,2
BRDA:36,6,0,3
BRDA:40,7,0,0
BRDA:49,8,0,1
BRDA:53,9,0,2
BRDA:57,10,0,1
BRDA:55,11,0,2
BRDA:72,12,0,4
BRDA:75,13,0,1
BRDA:77,14,0,3
BRDA:84,15,0,1
BRDA:88,16,0,2
BRDA:94,17,0,1
BRDA:92,18,0,2
BRDA:107,19,0,4
BRDA:112,20,0,1
BRDA:122,21,0,4
BRDA:126,22,0,2
BRDA:132,23,0,1
BRF:24
BRH:22
end_of_record
TN:
SF:src\db\db.js
FN:4,connectedToDb
FNF:1
FNH:1
FNDA:5,connectedToDb
DA:1,1
DA:2,1
DA:3,1
DA:4,5
DA:5,5
DA:6,5
DA:7,5
DA:8,5
DA:9,5
DA:10,0
DA:11,5
DA:12,5
DA:13,5
DA:14,1
DA:15,1
LF:15
LH:14
BRDA:4,0,0,5
BRDA:6,1,0,5
BRF:2
BRH:2
end_of_record
TN:
SF:src\middlewares\auth.middleware.js
FN:3,createAuthMiddleware
FN:4,authmiddleware
FNF:2
FNH:2
FNDA:25,createAuthMiddleware
FNDA:39,authmiddleware
DA:1,1
DA:2,1
DA:3,25
DA:4,25
DA:5,39
DA:6,39
DA:7,39
DA:8,5
DA:9,5
DA:10,5
DA:11,5
DA:12,34
DA:13,34
DA:14,34
DA:15,34
DA:16,39
DA:17,5
DA:18,5
DA:19,5
DA:20,5
DA:21,24
DA:22,24
DA:23,24
DA:24,24
DA:25,39
DA:26,5
DA:27,5
DA:28,5
DA:29,5
DA:30,5
DA:31,5
DA:32,39
DA:33,25
DA:34,1
DA:35,1
LF:35
LH:35
BRDA:3,0,0,25
BRDA:4,1,0,39
BRDA:5,2,0,34
BRDA:7,3,0,5
BRDA:11,4,0,34
BRDA:16,5,0,5
BRDA:20,6,0,24
BRDA:25,7,0,5
BRF:8
BRH:8
end_of_record
TN:
SF:src\middlewares\validation.middleware.js
FN:5,validateResult
FNF:1
FNH:1
FNDA:14,validateResult
DA:1,1
DA:2,1
DA:3,1
DA:4,1
DA:5,1
DA:6,14
DA:7,14
DA:8,4
DA:9,4
DA:10,10
DA:11,10
DA:12,1
DA:13,1
DA:14,1
DA:15,1
DA:16,1
DA:17,1
DA:18,1
DA:19,1
DA:20,1
DA:21,1
DA:22,1
DA:23,1
DA:24,1
DA:25,1
DA:26,1
DA:27,1
DA:28,1
DA:29,1
DA:30,1
LF:30
LH:30
BRDA:5,0,0,14
BRDA:7,1,0,4
BRDA:9,2,0,10
BRDA:15,3,0,9
BRDA:22,4,0,5
BRF:5
BRH:5
end_of_record
TN:
SF:src\models\cart.models.js
FNF:0
FNH:0
DA:1,1
DA:2,1
DA:3,1
DA:4,1
DA:5,1
DA:6,1
DA:7,1
DA:8,1
DA:9,1
DA:10,1
DA:11,1
DA:12,1
DA:13,1
DA:14,1
DA:15,1
DA:16,1
DA:17,1
DA:18,1
DA:19,1
DA:20,1
DA:21,1
DA:22,1
DA:23,1
DA:24,1
DA:25,1
DA:26,1
DA:27,1
DA:28,1
LF:28
LH:28
BRF:0
BRH:0
end_of_record
TN:
SF:src\routes\cart.routes.js
FNF:0
FNH:0
DA:1,1
DA:2,1
DA:3,1
DA:4,1
DA:5,1
DA:6,1
DA:7,1
DA:8,1
DA:9,1
DA:10,1
DA:11,1
DA:12,1
DA:13,1
DA:14,1
DA:15,1
DA:16,1
LF:16
LH:16
BRF:0
BRH:0
end_of_record
