TN:
SF:src\app.js
FNF:0
FNH:0
DA:1,1
DA:2,1
DA:3,1
DA:4,1
DA:5,1
DA:6,1
DA:7,1
DA:8,1
DA:9,1
DA:10,1
DA:11,1
DA:12,1
DA:13,1
DA:14,1
LF:14
LH:14
BRF:0
BRH:0
end_of_record
TN:
SF:src\controllers\product.controller.js
FN:6,createProduct
FN:37,getProducts
FN:59,getProductById
FN:82,updateProduct
FN:115,deleteProduct
FN:143,getProductBySeller
FNF:6
FNH:6
FNDA:1,createProduct
FNDA:5,getProducts
FNDA:3,getProductById
FNDA:4,updateProduct
FNDA:4,deleteProduct
FNDA:3,getProductBySeller
DA:1,1
DA:2,1
DA:3,1
DA:4,1
DA:5,1
DA:6,1
DA:7,1
DA:8,1
DA:9,1
DA:10,1
DA:11,1
DA:12,1
DA:13,1
DA:14,1
DA:15,1
DA:16,1
DA:17,1
DA:18,1
DA:19,1
DA:20,1
DA:21,1
DA:22,1
DA:23,1
DA:24,1
DA:25,1
DA:26,1
DA:27,1
DA:28,1
DA:29,1
DA:30,1
DA:31,1
DA:32,0
DA:33,0
DA:34,1
DA:35,1
DA:36,1
DA:37,5
DA:38,5
DA:39,5
DA:40,5
DA:41,5
DA:42,5
DA:43,1
DA:44,1
DA:45,5
DA:46,1
DA:47,1
DA:48,5
DA:49,1
DA:50,1
DA:51,5
DA:52,5
DA:53,5
DA:54,5
DA:55,5
DA:56,5
DA:57,5
DA:58,5
DA:59,3
DA:60,3
DA:61,3
DA:62,3
DA:63,3
DA:64,1
DA:65,1
DA:66,2
DA:67,2
DA:68,2
DA:69,3
DA:70,1
DA:71,1
DA:72,1
DA:73,1
DA:74,1
DA:75,1
DA:76,3
DA:77,0
DA:78,0
DA:79,0
DA:80,3
DA:81,1
DA:82,4
DA:83,4
DA:84,4
DA:85,4
DA:86,1
DA:87,1
DA:88,3
DA:89,3
DA:90,3
DA:91,4
DA:92,1
DA:93,1
DA:94,1
DA:95,1
DA:96,4
DA:97,1
DA:98,1
DA:99,1
DA:100,1
DA:101,1
DA:102,4
DA:103,2
DA:104,2
DA:105,1
DA:106,1
DA:107,1
DA:108,1
DA:109,1
DA:110,4
DA:111,0
DA:112,0
DA:113,0
DA:114,4
DA:115,4
DA:116,4
DA:117,4
DA:118,4
DA:119,1
DA:120,1
DA:121,3
DA:122,3
DA:123,3
DA:124,4
DA:125,1
DA:126,1
DA:127,1
DA:128,1
DA:129,4
DA:130,1
DA:131,1
DA:132,1
DA:133,1
DA:134,1
DA:135,1
DA:136,1
DA:137,4
DA:138,0
DA:139,0
DA:140,0
DA:141,4
DA:142,1
DA:143,3
DA:144,3
DA:145,3
DA:146,3
DA:147,3
DA:148,3
DA:149,3
DA:150,3
DA:151,3
DA:152,3
DA:153,3
DA:154,1
DA:155,1
DA:156,1
LF:156
LH:145
BRDA:6,0,0,1
BRDA:19,1,0,0
BRDA:31,2,0,0
BRDA:19,3,0,1
BRDA:37,4,0,5
BRDA:42,5,0,1
BRDA:45,6,0,1
BRDA:48,7,0,1
BRDA:59,8,0,3
BRDA:63,9,0,1
BRDA:65,10,0,2
BRDA:69,11,0,1
BRDA:76,12,0,0
BRDA:82,13,0,4
BRDA:85,14,0,1
BRDA:87,15,0,3
BRDA:91,16,0,1
BRDA:95,17,0,2
BRDA:96,18,0,1
BRDA:110,19,0,0
BRDA:101,20,0,4
BRDA:102,21,0,2
BRDA:115,22,0,4
BRDA:118,23,0,1
BRDA:120,24,0,3
BRDA:124,25,0,1
BRDA:128,26,0,2
BRDA:129,27,0,1
BRDA:137,28,0,0
BRDA:143,29,0,3
BRF:30
BRH:25
end_of_record
TN:
SF:src\db\db.js
FN:4,connectedToDb
FNF:1
FNH:1
FNDA:6,connectedToDb
DA:1,1
DA:2,1
DA:3,1
DA:4,6
DA:5,6
DA:6,6
DA:7,6
DA:8,6
DA:9,6
DA:10,0
DA:11,6
DA:12,6
DA:13,1
DA:14,1
LF:14
LH:13
BRDA:4,0,0,6
BRDA:6,1,0,6
BRF:2
BRH:2
end_of_record
TN:
SF:src\middlewares\auth.middleware.js
FN:4,createAuthMiddleware
FN:5,authMiddleware
FNF:2
FNH:2
FNDA:24,createAuthMiddleware
FNDA:22,authMiddleware
DA:1,1
DA:2,1
DA:3,1
DA:4,24
DA:5,24
DA:6,22
DA:7,22
DA:8,22
DA:9,4
DA:10,4
DA:11,18
DA:12,18
DA:13,18
DA:14,18
DA:15,22
DA:16,2
DA:17,2
DA:18,2
DA:19,2
DA:20,12
DA:21,12
DA:22,12
DA:23,19
DA:24,4
DA:25,4
DA:26,22
DA:27,24
DA:28,1
DA:29,1
LF:29
LH:29
BRDA:4,0,0,24
BRDA:5,1,0,22
BRDA:6,2,0,18
BRDA:6,3,0,14
BRDA:8,4,0,4
BRDA:10,5,0,18
BRDA:15,6,0,19
BRDA:15,7,0,2
BRDA:19,8,0,12
BRDA:23,9,0,4
BRF:10
BRH:10
end_of_record
TN:
SF:src\middlewares\validator.middleware.js
FN:3,responseValidationResult
FNF:1
FNH:1
FNDA:1,responseValidationResult
DA:1,1
DA:2,1
DA:3,1
DA:4,1
DA:5,1
DA:6,0
DA:7,0
DA:8,1
DA:9,1
DA:10,1
DA:11,1
DA:12,1
DA:13,1
DA:14,1
DA:15,1
DA:16,1
DA:17,1
DA:18,1
DA:19,1
DA:20,1
DA:21,1
DA:22,1
DA:23,1
DA:24,1
DA:25,1
DA:26,1
DA:27,1
DA:28,1
DA:29,1
DA:30,1
DA:31,1
DA:32,1
DA:33,1
DA:34,1
DA:35,1
DA:36,1
DA:37,1
DA:38,1
DA:39,1
DA:40,1
DA:41,1
DA:42,1
DA:43,1
LF:43
LH:41
BRDA:3,0,0,1
BRDA:5,1,0,0
BRF:2
BRH:1
end_of_record
TN:
SF:src\models\product.model.js
FNF:0
FNH:0
DA:1,1
DA:2,1
DA:3,1
DA:4,1
DA:5,1
DA:6,1
DA:7,1
DA:8,1
DA:9,1
DA:10,1
DA:11,1
DA:12,1
DA:13,1
DA:14,1
DA:15,1
DA:16,1
DA:17,1
DA:18,1
DA:19,1
DA:20,1
DA:21,1
DA:22,1
DA:23,1
DA:24,1
DA:25,1
DA:26,1
DA:27,1
DA:28,1
DA:29,1
DA:30,1
DA:31,1
DA:32,1
DA:33,1
DA:34,1
DA:35,1
DA:36,1
DA:37,1
DA:38,1
DA:39,1
DA:40,1
DA:41,1
LF:41
LH:41
BRF:0
BRH:0
end_of_record
TN:
SF:src\routes\product.routes.js
FNF:0
FNH:0
DA:1,1
DA:2,1
DA:3,1
DA:4,1
DA:5,1
DA:6,1
DA:7,1
DA:8,1
DA:9,1
DA:10,1
DA:11,1
DA:12,1
DA:13,1
DA:14,1
DA:15,1
DA:16,1
DA:17,1
DA:18,1
LF:18
LH:18
BRF:0
BRH:0
end_of_record
