TN:
SF:src\app.js
FNF:0
FNH:0
DA:1,1
DA:2,1
DA:3,1
DA:4,1
DA:5,1
DA:6,1
DA:7,1
DA:8,1
DA:9,1
DA:10,1
DA:11,1
DA:12,1
DA:13,1
DA:14,1
DA:15,1
DA:16,1
DA:17,1
DA:18,1
DA:19,1
DA:20,1
DA:21,0
DA:22,0
DA:23,0
DA:24,1
DA:25,1
DA:26,1
LF:26
LH:23
BRF:0
BRH:0
end_of_record
TN:
SF:src\broker\broker.js
FN:7,connect
FN:8,publishToQueue
FN:9,subscribeToQueue
FN:15,connect
FN:29,publishToQueue
FN:39,subscribeToQueue
FNF:6
FNH:1
FNDA:0,connect
FNDA:6,publishToQueue
FNDA:0,subscribeToQueue
FNDA:0,connect
FNDA:0,publishToQueue
FNDA:0,subscribeToQueue
DA:1,1
DA:2,1
DA:3,1
DA:4,1
DA:5,1
DA:6,1
DA:7,1
DA:8,1
DA:9,1
DA:10,1
DA:11,1
DA:12,1
DA:13,1
DA:14,0
DA:15,0
DA:16,0
DA:17,0
DA:18,0
DA:19,0
DA:20,0
DA:21,0
DA:22,0
DA:23,0
DA:24,0
DA:25,0
DA:26,0
DA:27,0
DA:28,0
DA:29,0
DA:30,0
DA:31,0
DA:32,0
DA:33,0
DA:34,0
DA:35,0
DA:36,0
DA:37,0
DA:38,0
DA:39,0
DA:40,0
DA:41,0
DA:42,0
DA:43,0
DA:44,0
DA:45,0
DA:46,0
DA:47,0
DA:48,0
DA:49,0
DA:50,0
DA:51,0
DA:52,0
DA:53,0
DA:54,0
DA:55,0
DA:56,0
DA:57,0
DA:58,0
LF:58
LH:13
BRDA:13,0,0,0
BRDA:8,1,0,6
BRF:2
BRH:1
end_of_record
TN:
SF:src\controllers\product.controller.js
FN:6,createProduct
FN:50,getProducts
FN:81,getProductById
FN:104,updateProduct
FN:159,deleteProduct
FN:186,getProductBySeller
FNF:6
FNH:6
FNDA:3,createProduct
FNDA:5,getProducts
FNDA:3,getProductById
FNDA:4,updateProduct
FNDA:4,deleteProduct
FNDA:3,getProductBySeller
DA:1,1
DA:2,1
DA:3,1
DA:4,1
DA:5,1
DA:6,3
DA:7,3
DA:8,3
DA:9,3
DA:10,3
DA:11,3
DA:12,3
DA:13,3
DA:14,3
DA:15,3
DA:16,3
DA:17,3
DA:18,3
DA:19,3
DA:20,3
DA:21,3
DA:22,3
DA:23,3
DA:24,3
DA:25,3
DA:26,3
DA:27,3
DA:28,3
DA:29,3
DA:30,3
DA:31,3
DA:32,3
DA:33,3
DA:34,3
DA:35,3
DA:36,3
DA:37,3
DA:38,3
DA:39,3
DA:40,3
DA:41,3
DA:42,3
DA:43,3
DA:44,3
DA:45,3
DA:46,0
DA:47,0
DA:48,3
DA:49,1
DA:50,5
DA:51,5
DA:52,5
DA:53,5
DA:54,5
DA:55,5
DA:56,1
DA:57,1
DA:58,5
DA:59,1
DA:60,1
DA:61,1
DA:62,1
DA:63,1
DA:64,5
DA:65,1
DA:66,1
DA:67,1
DA:68,1
DA:69,1
DA:70,5
DA:71,5
DA:72,5
DA:73,5
DA:74,5
DA:75,5
DA:76,5
DA:77,5
DA:78,5
DA:79,5
DA:80,5
DA:81,3
DA:82,3
DA:83,3
DA:84,3
DA:85,3
DA:86,1
DA:87,1
DA:88,2
DA:89,2
DA:90,2
DA:91,3
DA:92,1
DA:93,1
DA:94,1
DA:95,1
DA:96,1
DA:97,1
DA:98,3
DA:99,0
DA:100,0
DA:101,0
DA:102,3
DA:103,1
DA:104,4
DA:105,4
DA:106,4
DA:107,4
DA:108,1
DA:109,1
DA:110,3
DA:111,3
DA:112,3
DA:113,4
DA:114,1
DA:115,1
DA:116,1
DA:117,1
DA:118,4
DA:119,1
DA:120,1
DA:121,1
DA:122,1
DA:123,1
DA:124,4
DA:125,4
DA:126,1
DA:127,4
DA:128,0
DA:129,0
DA:130,0
DA:131,0
DA:132,0
DA:133,1
DA:134,4
DA:135,0
DA:136,0
DA:137,0
DA:138,0
DA:139,0
DA:140,0
DA:141,0
DA:142,0
DA:143,0
DA:144,0
DA:145,0
DA:146,0
DA:147,0
DA:148,0
DA:149,1
DA:150,1
DA:151,1
DA:152,1
DA:153,1
DA:154,4
DA:155,0
DA:156,0
DA:157,0
DA:158,4
DA:159,4
DA:160,4
DA:161,4
DA:162,4
DA:163,1
DA:164,1
DA:165,3
DA:166,3
DA:167,3
DA:168,4
DA:169,1
DA:170,1
DA:171,1
DA:172,1
DA:173,4
DA:174,1
DA:175,1
DA:176,1
DA:177,1
DA:178,1
DA:179,1
DA:180,4
DA:181,0
DA:182,0
DA:183,0
DA:184,4
DA:185,1
DA:186,3
DA:187,3
DA:188,3
DA:189,3
DA:190,3
DA:191,3
DA:192,3
DA:193,3
DA:194,3
DA:195,3
DA:196,3
DA:197,3
DA:198,3
DA:199,1
DA:200,1
DA:201,1
DA:202,1
DA:203,1
DA:204,1
DA:205,1
DA:206,1
LF:206
LH:176
BRDA:6,0,0,3
BRDA:19,1,0,0
BRDA:45,2,0,0
BRDA:19,3,0,3
BRDA:50,4,0,5
BRDA:55,5,0,1
BRDA:58,6,0,1
BRDA:64,7,0,1
BRDA:81,8,0,3
BRDA:85,9,0,1
BRDA:87,10,0,2
BRDA:91,11,0,1
BRDA:98,12,0,0
BRDA:104,13,0,4
BRDA:107,14,0,1
BRDA:109,15,0,3
BRDA:113,16,0,1
BRDA:117,17,0,2
BRDA:118,18,0,1
BRDA:124,19,0,0
BRDA:124,20,0,1
BRDA:125,21,0,0
BRDA:125,22,0,1
BRDA:127,23,0,0
BRDA:132,24,0,1
BRDA:134,25,0,0
BRDA:134,26,0,0
BRDA:149,27,0,1
BRDA:154,28,0,0
BRDA:159,29,0,4
BRDA:162,30,0,1
BRDA:164,31,0,3
BRDA:168,32,0,1
BRDA:172,33,0,2
BRDA:173,34,0,1
BRDA:180,35,0,0
BRDA:186,36,0,3
BRF:37
BRH:27
end_of_record
TN:
SF:src\db\db.js
FN:4,connectedToDb
FNF:1
FNH:1
FNDA:6,connectedToDb
DA:1,1
DA:2,1
DA:3,1
DA:4,6
DA:5,6
DA:6,6
DA:7,6
DA:8,6
DA:9,6
DA:10,0
DA:11,6
DA:12,6
DA:13,1
DA:14,1
LF:14
LH:13
BRDA:4,0,0,6
BRDA:6,1,0,6
BRF:2
BRH:2
end_of_record
TN:
SF:src\middlewares\auth.middleware.js
FN:4,createAuthMiddleware
FN:5,authMiddleware
FNF:2
FNH:2
FNDA:24,createAuthMiddleware
FNDA:31,authMiddleware
DA:1,1
DA:2,1
DA:3,1
DA:4,24
DA:5,24
DA:6,31
DA:7,31
DA:8,31
DA:9,4
DA:10,4
DA:11,27
DA:12,27
DA:13,27
DA:14,27
DA:15,31
DA:16,2
DA:17,2
DA:18,2
DA:19,2
DA:20,21
DA:21,21
DA:22,21
DA:23,31
DA:24,4
DA:25,4
DA:26,31
DA:27,24
DA:28,1
DA:29,1
LF:29
LH:29
BRDA:4,0,0,24
BRDA:5,1,0,31
BRDA:6,2,0,27
BRDA:6,3,0,23
BRDA:8,4,0,4
BRDA:10,5,0,27
BRDA:15,6,0,2
BRDA:19,7,0,21
BRDA:23,8,0,4
BRF:9
BRH:9
end_of_record
TN:
SF:src\middlewares\validator.middleware.js
FN:3,responseValidationResult
FNF:1
FNH:1
FNDA:10,responseValidationResult
DA:1,1
DA:2,1
DA:3,1
DA:4,10
DA:5,10
DA:6,7
DA:7,7
DA:8,3
DA:9,3
DA:10,1
DA:11,1
DA:12,1
DA:13,1
DA:14,1
DA:15,1
DA:16,1
DA:17,1
DA:18,1
DA:19,1
DA:20,1
DA:21,1
DA:22,1
DA:23,1
DA:24,1
DA:25,1
DA:26,1
DA:27,1
DA:28,1
DA:29,1
DA:30,1
DA:31,1
DA:32,1
DA:33,1
DA:34,1
DA:35,1
DA:36,1
DA:37,1
DA:38,1
DA:39,1
DA:40,1
DA:41,1
DA:42,1
DA:43,1
DA:44,1
LF:44
LH:44
BRDA:3,0,0,10
BRDA:5,1,0,7
BRDA:7,2,0,3
BRF:3
BRH:3
end_of_record
TN:
SF:src\models\product.model.js
FNF:0
FNH:0
DA:1,1
DA:2,1
DA:3,1
DA:4,1
DA:5,1
DA:6,1
DA:7,1
DA:8,1
DA:9,1
DA:10,1
DA:11,1
DA:12,1
DA:13,1
DA:14,1
DA:15,1
DA:16,1
DA:17,1
DA:18,1
DA:19,1
DA:20,1
DA:21,1
DA:22,1
DA:23,1
DA:24,1
DA:25,1
DA:26,1
DA:27,1
DA:28,1
DA:29,1
DA:30,1
DA:31,1
DA:32,1
DA:33,1
DA:34,1
DA:35,1
DA:36,1
DA:37,1
DA:38,1
DA:39,1
DA:40,1
DA:41,1
DA:42,1
DA:43,1
DA:44,1
DA:45,1
LF:45
LH:45
BRF:0
BRH:0
end_of_record
TN:
SF:src\routes\product.routes.js
FNF:0
FNH:0
DA:1,1
DA:2,1
DA:3,1
DA:4,1
DA:5,1
DA:6,1
DA:7,1
DA:8,1
DA:9,1
DA:10,1
DA:11,1
DA:12,1
DA:13,1
DA:14,1
DA:15,1
DA:16,1
DA:17,1
DA:18,1
DA:19,1
LF:19
LH:19
BRF:0
BRH:0
end_of_record
