TN:
SF:src\app.js
FNF:0
FNH:0
DA:1,1
DA:2,1
DA:3,1
DA:4,1
DA:5,1
DA:6,1
DA:7,1
DA:8,1
DA:9,1
DA:10,1
DA:11,1
DA:12,1
DA:13,1
DA:14,0
DA:15,0
DA:16,0
DA:17,1
DA:18,1
DA:19,1
DA:20,1
LF:20
LH:17
BRF:0
BRH:0
end_of_record
TN:
SF:src\broker\broker.js
FN:8,connect
FN:9,publishToQueue
FN:10,subscribeToQueue
FN:16,connect
FN:27,publishToQueue
FN:34,subscribeToQueue
FNF:6
FNH:1
FNDA:0,connect
FNDA:5,publishToQueue
FNDA:0,subscribeToQueue
FNDA:0,connect
FNDA:0,publishToQueue
FNDA:0,subscribeToQueue
DA:1,1
DA:2,1
DA:3,1
DA:4,1
DA:5,1
DA:6,1
DA:7,1
DA:8,1
DA:9,1
DA:10,1
DA:11,1
DA:12,1
DA:13,1
DA:14,1
DA:15,0
DA:16,0
DA:17,0
DA:18,0
DA:19,0
DA:20,0
DA:21,0
DA:22,0
DA:23,0
DA:24,0
DA:25,0
DA:26,0
DA:27,0
DA:28,0
DA:29,0
DA:30,0
DA:31,0
DA:32,0
DA:33,0
DA:34,0
DA:35,0
DA:36,0
DA:37,0
DA:38,0
DA:39,0
DA:40,0
DA:41,0
DA:42,0
DA:43,0
DA:44,0
DA:45,0
DA:46,0
DA:47,0
DA:48,0
DA:49,0
LF:49
LH:14
BRDA:14,0,0,0
BRDA:9,1,0,5
BRF:2
BRH:1
end_of_record
TN:
SF:src\controllers\payment.controllers.js
FN:11,createPayment
FN:54,verifyPayment
FNF:2
FNH:2
FNDA:2,createPayment
FNDA:3,verifyPayment
DA:1,1
DA:2,1
DA:3,1
DA:4,1
DA:5,1
DA:6,1
DA:7,1
DA:8,1
DA:9,1
DA:10,1
DA:11,2
DA:12,2
DA:13,2
DA:14,2
DA:15,2
DA:16,2
DA:17,2
DA:18,2
DA:19,2
DA:20,2
DA:21,2
DA:22,1
DA:23,1
DA:24,1
DA:25,1
DA:26,1
DA:27,1
DA:28,1
DA:29,1
DA:30,1
DA:31,1
DA:32,1
DA:33,1
DA:34,1
DA:35,1
DA:36,1
DA:37,1
DA:38,1
DA:39,1
DA:40,1
DA:41,1
DA:42,1
DA:43,1
DA:44,1
DA:45,1
DA:46,1
DA:47,1
DA:48,1
DA:49,1
DA:50,1
DA:51,1
DA:52,2
DA:53,1
DA:54,3
DA:55,3
DA:56,3
DA:57,3
DA:58,3
DA:59,3
DA:60,3
DA:61,3
DA:62,3
DA:63,3
DA:64,3
DA:65,3
DA:66,3
DA:67,3
DA:68,3
DA:69,3
DA:70,3
DA:71,1
DA:72,1
DA:73,1
DA:74,1
DA:75,2
DA:76,2
DA:77,2
DA:78,3
DA:79,1
DA:80,1
DA:81,1
DA:82,1
DA:83,1
DA:84,1
DA:85,1
DA:86,1
DA:87,1
DA:88,1
DA:89,1
DA:90,1
DA:91,1
DA:92,1
DA:93,1
DA:94,1
DA:95,1
DA:96,1
DA:97,1
DA:98,1
DA:99,1
DA:100,1
DA:101,1
DA:102,1
DA:103,1
DA:104,1
DA:105,1
DA:106,1
DA:107,1
DA:108,1
DA:109,1
DA:110,1
DA:111,1
DA:112,1
DA:113,3
DA:114,0
DA:115,0
DA:116,0
DA:117,0
DA:118,0
DA:119,0
DA:120,0
DA:121,0
DA:122,0
DA:123,0
DA:124,0
DA:125,0
DA:126,3
DA:127,1
DA:128,1
DA:129,1
DA:130,1
LF:130
LH:118
BRDA:11,0,0,2
BRDA:21,1,0,1
BRDA:54,2,0,3
BRDA:70,3,0,1
BRDA:74,4,0,2
BRDA:78,5,0,1
BRDA:113,6,0,0
BRF:7
BRH:6
end_of_record
TN:
SF:src\db\db.js
FN:4,connectToDB
FNF:1
FNH:1
FNDA:2,connectToDB
DA:1,1
DA:2,1
DA:3,1
DA:4,2
DA:5,2
DA:6,2
DA:7,2
DA:8,2
DA:9,2
DA:10,2
DA:11,0
DA:12,0
DA:13,2
DA:14,1
DA:15,1
LF:15
LH:13
BRDA:4,0,0,2
BRDA:10,1,0,0
BRF:2
BRH:1
end_of_record
TN:
SF:src\middlewares\auth.middlewares.js
FN:6,createAuthMiddleware
FN:7,authMiddleware
FNF:2
FNH:2
FNDA:4,createAuthMiddleware
FNDA:11,authMiddleware
DA:1,1
DA:2,1
DA:3,1
DA:4,1
DA:5,1
DA:6,4
DA:7,4
DA:8,11
DA:9,11
DA:10,11
DA:11,2
DA:12,2
DA:13,9
DA:14,9
DA:15,9
DA:16,9
DA:17,11
DA:18,2
DA:19,2
DA:20,2
DA:21,2
DA:22,5
DA:23,5
DA:24,5
DA:25,11
DA:26,2
DA:27,2
DA:28,11
DA:29,4
DA:30,1
DA:31,1
LF:31
LH:31
BRDA:6,0,0,4
BRDA:7,1,0,11
BRDA:8,2,0,9
BRDA:10,3,0,2
BRDA:12,4,0,9
BRDA:17,5,0,2
BRDA:21,6,0,5
BRDA:25,7,0,2
BRF:8
BRH:8
end_of_record
TN:
SF:src\models\payment.models.js
FNF:0
FNH:0
DA:1,1
DA:2,1
DA:3,1
DA:4,1
DA:5,1
DA:6,1
DA:7,1
DA:8,1
DA:9,1
DA:10,1
DA:11,1
DA:12,1
DA:13,1
DA:14,1
DA:15,1
DA:16,1
DA:17,1
DA:18,1
DA:19,1
DA:20,1
DA:21,1
DA:22,1
DA:23,1
DA:24,1
DA:25,1
DA:26,1
DA:27,1
DA:28,1
DA:29,1
DA:30,1
DA:31,1
DA:32,1
DA:33,1
DA:34,1
DA:35,1
DA:36,1
DA:37,1
DA:38,1
DA:39,1
DA:40,1
DA:41,1
DA:42,1
DA:43,1
DA:44,1
DA:45,1
DA:46,1
DA:47,1
DA:48,1
LF:48
LH:48
BRF:0
BRH:0
end_of_record
TN:
SF:src\routes\payment.routes.js
FNF:0
FNH:0
DA:1,1
DA:2,1
DA:3,1
DA:4,1
DA:5,1
DA:6,1
DA:7,1
DA:8,1
DA:9,1
DA:10,1
DA:11,1
DA:12,1
DA:13,1
LF:13
LH:13
BRF:0
BRH:0
end_of_record
