{"C:\\Users\\kk234\\OneDrive\\Desktop\\Dev with Sheriyans\\Cohort Microservices\\Order\\src\\app.js": {"path":"C:\\Users\\kk234\\OneDrive\\Desktop\\Dev with Sheriyans\\Cohort Microservices\\Order\\src\\app.js","all":false,"statementMap":{"0":{"start":{"line":1,"column":0},"end":{"line":1,"column":46}},"1":{"start":{"line":2,"column":0},"end":{"line":2,"column":35}},"2":{"start":{"line":3,"column":0},"end":{"line":3,"column":29}},"3":{"start":{"line":4,"column":0},"end":{"line":4,"column":58}},"4":{"start":{"line":5,"column":0},"end":{"line":5,"column":0}},"5":{"start":{"line":6,"column":0},"end":{"line":6,"column":22}},"6":{"start":{"line":7,"column":0},"end":{"line":7,"column":0}},"7":{"start":{"line":8,"column":0},"end":{"line":8,"column":24}},"8":{"start":{"line":9,"column":0},"end":{"line":9,"column":24}},"9":{"start":{"line":10,"column":0},"end":{"line":10,"column":16}},"10":{"start":{"line":11,"column":0},"end":{"line":11,"column":0}},"11":{"start":{"line":12,"column":0},"end":{"line":12,"column":35}},"12":{"start":{"line":13,"column":0},"end":{"line":13,"column":0}},"13":{"start":{"line":14,"column":0},"end":{"line":14,"column":24}},"14":{"start":{"line":15,"column":0},"end":{"line":15,"column":26}},"15":{"start":{"line":16,"column":0},"end":{"line":16,"column":45}},"16":{"start":{"line":17,"column":0},"end":{"line":17,"column":7}},"17":{"start":{"line":18,"column":0},"end":{"line":18,"column":3}},"18":{"start":{"line":19,"column":0},"end":{"line":19,"column":0}},"19":{"start":{"line":20,"column":0},"end":{"line":20,"column":0}},"20":{"start":{"line":21,"column":0},"end":{"line":21,"column":0}},"21":{"start":{"line":22,"column":0},"end":{"line":22,"column":21}}},"s":{"0":1,"1":1,"2":1,"3":1,"4":1,"5":1,"6":1,"7":1,"8":1,"9":1,"10":1,"11":1,"12":1,"13":1,"14":0,"15":0,"16":0,"17":1,"18":1,"19":1,"20":1,"21":1},"branchMap":{},"b":{},"fnMap":{},"f":{}}
,"C:\\Users\\kk234\\OneDrive\\Desktop\\Dev with Sheriyans\\Cohort Microservices\\Order\\src\\broker\\broker.js": {"path":"C:\\Users\\kk234\\OneDrive\\Desktop\\Dev with Sheriyans\\Cohort Microservices\\Order\\src\\broker\\broker.js","all":false,"statementMap":{"0":{"start":{"line":1,"column":0},"end":{"line":1,"column":35}},"1":{"start":{"line":2,"column":0},"end":{"line":2,"column":0}},"2":{"start":{"line":3,"column":0},"end":{"line":3,"column":24}},"3":{"start":{"line":4,"column":0},"end":{"line":4,"column":0}},"4":{"start":{"line":5,"column":0},"end":{"line":5,"column":38}},"5":{"start":{"line":6,"column":0},"end":{"line":6,"column":49}},"6":{"start":{"line":7,"column":0},"end":{"line":7,"column":22}},"7":{"start":{"line":8,"column":0},"end":{"line":8,"column":32}},"8":{"start":{"line":9,"column":0},"end":{"line":9,"column":39}},"9":{"start":{"line":10,"column":0},"end":{"line":10,"column":41}},"10":{"start":{"line":11,"column":0},"end":{"line":11,"column":22}},"11":{"start":{"line":12,"column":0},"end":{"line":12,"column":25}},"12":{"start":{"line":13,"column":0},"end":{"line":13,"column":6}},"13":{"start":{"line":14,"column":0},"end":{"line":14,"column":8}},"14":{"start":{"line":15,"column":0},"end":{"line":15,"column":0}},"15":{"start":{"line":16,"column":0},"end":{"line":16,"column":30}},"16":{"start":{"line":17,"column":0},"end":{"line":17,"column":42}},"17":{"start":{"line":18,"column":0},"end":{"line":18,"column":13}},"18":{"start":{"line":19,"column":0},"end":{"line":19,"column":71}},"19":{"start":{"line":20,"column":0},"end":{"line":20,"column":49}},"20":{"start":{"line":21,"column":0},"end":{"line":21,"column":55}},"21":{"start":{"line":22,"column":0},"end":{"line":22,"column":23}},"22":{"start":{"line":23,"column":0},"end":{"line":23,"column":61}},"23":{"start":{"line":24,"column":0},"end":{"line":24,"column":9}},"24":{"start":{"line":25,"column":0},"end":{"line":25,"column":5}},"25":{"start":{"line":26,"column":0},"end":{"line":26,"column":0}},"26":{"start":{"line":27,"column":0},"end":{"line":27,"column":57}},"27":{"start":{"line":28,"column":0},"end":{"line":28,"column":53}},"28":{"start":{"line":29,"column":0},"end":{"line":29,"column":64}},"29":{"start":{"line":30,"column":0},"end":{"line":30,"column":74}},"30":{"start":{"line":31,"column":0},"end":{"line":31,"column":62}},"31":{"start":{"line":32,"column":0},"end":{"line":32,"column":5}},"32":{"start":{"line":33,"column":0},"end":{"line":33,"column":0}},"33":{"start":{"line":34,"column":0},"end":{"line":34,"column":58}},"34":{"start":{"line":35,"column":0},"end":{"line":35,"column":53}},"35":{"start":{"line":36,"column":0},"end":{"line":36,"column":64}},"36":{"start":{"line":37,"column":0},"end":{"line":37,"column":51}},"37":{"start":{"line":38,"column":0},"end":{"line":38,"column":30}},"38":{"start":{"line":39,"column":0},"end":{"line":39,"column":64}},"39":{"start":{"line":40,"column":0},"end":{"line":40,"column":37}},"40":{"start":{"line":41,"column":0},"end":{"line":41,"column":33}},"41":{"start":{"line":42,"column":0},"end":{"line":42,"column":13}},"42":{"start":{"line":43,"column":0},"end":{"line":43,"column":11}},"43":{"start":{"line":44,"column":0},"end":{"line":44,"column":5}},"44":{"start":{"line":45,"column":0},"end":{"line":45,"column":0}},"45":{"start":{"line":46,"column":0},"end":{"line":46,"column":22}},"46":{"start":{"line":47,"column":0},"end":{"line":47,"column":49}},"47":{"start":{"line":48,"column":0},"end":{"line":48,"column":6}},"48":{"start":{"line":49,"column":0},"end":{"line":49,"column":1}}},"s":{"0":1,"1":1,"2":1,"3":1,"4":1,"5":1,"6":1,"7":1,"8":1,"9":1,"10":1,"11":1,"12":1,"13":1,"14":0,"15":0,"16":0,"17":0,"18":0,"19":0,"20":0,"21":0,"22":0,"23":0,"24":0,"25":0,"26":0,"27":0,"28":0,"29":0,"30":0,"31":0,"32":0,"33":0,"34":0,"35":0,"36":0,"37":0,"38":0,"39":0,"40":0,"41":0,"42":0,"43":0,"44":0,"45":0,"46":0,"47":0,"48":0},"branchMap":{"0":{"type":"branch","line":14,"loc":{"start":{"line":14,"column":1},"end":{"line":49,"column":1}},"locations":[{"start":{"line":14,"column":1},"end":{"line":49,"column":1}}]},"1":{"type":"branch","line":9,"loc":{"start":{"line":9,"column":24},"end":{"line":9,"column":38}},"locations":[{"start":{"line":9,"column":24},"end":{"line":9,"column":38}}]}},"b":{"0":[0],"1":[1]},"fnMap":{"0":{"name":"connect","decl":{"start":{"line":8,"column":17},"end":{"line":8,"column":31}},"loc":{"start":{"line":8,"column":17},"end":{"line":8,"column":31}},"line":8},"1":{"name":"publishToQueue","decl":{"start":{"line":9,"column":24},"end":{"line":9,"column":38}},"loc":{"start":{"line":9,"column":24},"end":{"line":9,"column":38}},"line":9},"2":{"name":"subscribeToQueue","decl":{"start":{"line":10,"column":26},"end":{"line":10,"column":40}},"loc":{"start":{"line":10,"column":26},"end":{"line":10,"column":40}},"line":10},"3":{"name":"connect","decl":{"start":{"line":16,"column":4},"end":{"line":25,"column":5}},"loc":{"start":{"line":16,"column":4},"end":{"line":25,"column":5}},"line":16},"4":{"name":"publishToQueue","decl":{"start":{"line":27,"column":4},"end":{"line":32,"column":5}},"loc":{"start":{"line":27,"column":4},"end":{"line":32,"column":5}},"line":27},"5":{"name":"subscribeToQueue","decl":{"start":{"line":34,"column":4},"end":{"line":44,"column":5}},"loc":{"start":{"line":34,"column":4},"end":{"line":44,"column":5}},"line":34}},"f":{"0":0,"1":1,"2":0,"3":0,"4":0,"5":0}}
,"C:\\Users\\kk234\\OneDrive\\Desktop\\Dev with Sheriyans\\Cohort Microservices\\Order\\src\\controllers\\order.controllers.js": {"path":"C:\\Users\\kk234\\OneDrive\\Desktop\\Dev with Sheriyans\\Cohort Microservices\\Order\\src\\controllers\\order.controllers.js","all":false,"statementMap":{"0":{"start":{"line":1,"column":0},"end":{"line":1,"column":37}},"1":{"start":{"line":2,"column":0},"end":{"line":2,"column":53}},"2":{"start":{"line":3,"column":0},"end":{"line":3,"column":31}},"3":{"start":{"line":4,"column":0},"end":{"line":4,"column":55}},"4":{"start":{"line":5,"column":0},"end":{"line":5,"column":0}},"5":{"start":{"line":6,"column":0},"end":{"line":6,"column":0}},"6":{"start":{"line":7,"column":0},"end":{"line":7,"column":38}},"7":{"start":{"line":8,"column":0},"end":{"line":8,"column":24}},"8":{"start":{"line":9,"column":0},"end":{"line":9,"column":80}},"9":{"start":{"line":10,"column":0},"end":{"line":10,"column":0}},"10":{"start":{"line":11,"column":0},"end":{"line":11,"column":7}},"11":{"start":{"line":12,"column":0},"end":{"line":12,"column":92}},"12":{"start":{"line":13,"column":0},"end":{"line":13,"column":16}},"13":{"start":{"line":14,"column":0},"end":{"line":14,"column":40}},"14":{"start":{"line":15,"column":0},"end":{"line":15,"column":8}},"15":{"start":{"line":16,"column":0},"end":{"line":16,"column":7}},"16":{"start":{"line":17,"column":0},"end":{"line":17,"column":0}},"17":{"start":{"line":18,"column":0},"end":{"line":18,"column":51}},"18":{"start":{"line":19,"column":0},"end":{"line":19,"column":0}},"19":{"start":{"line":20,"column":0},"end":{"line":20,"column":29}},"20":{"start":{"line":21,"column":0},"end":{"line":21,"column":47}},"21":{"start":{"line":22,"column":0},"end":{"line":22,"column":64}},"22":{"start":{"line":23,"column":0},"end":{"line":23,"column":5}},"23":{"start":{"line":24,"column":0},"end":{"line":24,"column":89}},"24":{"start":{"line":25,"column":0},"end":{"line":25,"column":100}},"25":{"start":{"line":26,"column":0},"end":{"line":26,"column":18}},"26":{"start":{"line":27,"column":0},"end":{"line":27,"column":42}},"27":{"start":{"line":28,"column":0},"end":{"line":28,"column":9}},"28":{"start":{"line":29,"column":0},"end":{"line":29,"column":23}},"29":{"start":{"line":30,"column":0},"end":{"line":30,"column":8}},"30":{"start":{"line":31,"column":0},"end":{"line":31,"column":0}},"31":{"start":{"line":32,"column":0},"end":{"line":32,"column":24}},"32":{"start":{"line":33,"column":0},"end":{"line":33,"column":67}},"33":{"start":{"line":34,"column":0},"end":{"line":34,"column":68}},"34":{"start":{"line":35,"column":0},"end":{"line":35,"column":0}},"35":{"start":{"line":36,"column":0},"end":{"line":36,"column":42}},"36":{"start":{"line":37,"column":0},"end":{"line":37,"column":90}},"37":{"start":{"line":38,"column":0},"end":{"line":38,"column":7}},"38":{"start":{"line":39,"column":0},"end":{"line":39,"column":0}},"39":{"start":{"line":40,"column":0},"end":{"line":40,"column":61}},"40":{"start":{"line":41,"column":0},"end":{"line":41,"column":0}},"41":{"start":{"line":42,"column":0},"end":{"line":42,"column":31}},"42":{"start":{"line":43,"column":0},"end":{"line":43,"column":0}},"43":{"start":{"line":44,"column":0},"end":{"line":44,"column":14}},"44":{"start":{"line":45,"column":0},"end":{"line":45,"column":32}},"45":{"start":{"line":46,"column":0},"end":{"line":46,"column":32}},"46":{"start":{"line":47,"column":0},"end":{"line":47,"column":16}},"47":{"start":{"line":48,"column":0},"end":{"line":48,"column":39}},"48":{"start":{"line":49,"column":0},"end":{"line":49,"column":42}},"49":{"start":{"line":50,"column":0},"end":{"line":50,"column":9}},"50":{"start":{"line":51,"column":0},"end":{"line":51,"column":7}},"51":{"start":{"line":52,"column":0},"end":{"line":52,"column":0}},"52":{"start":{"line":53,"column":0},"end":{"line":53,"column":33}},"53":{"start":{"line":54,"column":0},"end":{"line":54,"column":0}},"54":{"start":{"line":55,"column":0},"end":{"line":55,"column":7}},"55":{"start":{"line":56,"column":0},"end":{"line":56,"column":44}},"56":{"start":{"line":57,"column":0},"end":{"line":57,"column":20}},"57":{"start":{"line":58,"column":0},"end":{"line":58,"column":24}},"58":{"start":{"line":59,"column":0},"end":{"line":59,"column":20}},"59":{"start":{"line":60,"column":0},"end":{"line":60,"column":28}},"60":{"start":{"line":61,"column":0},"end":{"line":61,"column":23}},"61":{"start":{"line":62,"column":0},"end":{"line":62,"column":8}},"62":{"start":{"line":63,"column":0},"end":{"line":63,"column":24}},"63":{"start":{"line":64,"column":0},"end":{"line":64,"column":48}},"64":{"start":{"line":65,"column":0},"end":{"line":65,"column":7}},"65":{"start":{"line":66,"column":0},"end":{"line":66,"column":4}},"66":{"start":{"line":67,"column":0},"end":{"line":67,"column":72}},"67":{"start":{"line":68,"column":0},"end":{"line":68,"column":33}},"68":{"start":{"line":69,"column":0},"end":{"line":69,"column":16}},"69":{"start":{"line":70,"column":0},"end":{"line":70,"column":8}},"70":{"start":{"line":71,"column":0},"end":{"line":71,"column":44}},"71":{"start":{"line":72,"column":0},"end":{"line":72,"column":48}},"72":{"start":{"line":73,"column":0},"end":{"line":73,"column":46}},"73":{"start":{"line":74,"column":0},"end":{"line":74,"column":52}},"74":{"start":{"line":75,"column":0},"end":{"line":75,"column":32}},"75":{"start":{"line":76,"column":0},"end":{"line":76,"column":7}},"76":{"start":{"line":77,"column":0},"end":{"line":77,"column":60}},"77":{"start":{"line":78,"column":0},"end":{"line":78,"column":5}},"78":{"start":{"line":79,"column":0},"end":{"line":79,"column":58}},"79":{"start":{"line":80,"column":0},"end":{"line":80,"column":3}},"80":{"start":{"line":81,"column":0},"end":{"line":81,"column":1}},"81":{"start":{"line":82,"column":0},"end":{"line":82,"column":0}},"82":{"start":{"line":83,"column":0},"end":{"line":83,"column":37}},"83":{"start":{"line":84,"column":0},"end":{"line":84,"column":24}},"84":{"start":{"line":85,"column":0},"end":{"line":85,"column":0}},"85":{"start":{"line":86,"column":0},"end":{"line":86,"column":45}},"86":{"start":{"line":87,"column":0},"end":{"line":87,"column":48}},"87":{"start":{"line":88,"column":0},"end":{"line":88,"column":0}},"88":{"start":{"line":89,"column":0},"end":{"line":89,"column":34}},"89":{"start":{"line":90,"column":0},"end":{"line":90,"column":0}},"90":{"start":{"line":91,"column":0},"end":{"line":91,"column":7}},"91":{"start":{"line":92,"column":0},"end":{"line":92,"column":0}},"92":{"start":{"line":93,"column":0},"end":{"line":93,"column":42}},"93":{"start":{"line":94,"column":0},"end":{"line":94,"column":19}},"94":{"start":{"line":95,"column":0},"end":{"line":95,"column":55}},"95":{"start":{"line":96,"column":0},"end":{"line":96,"column":75}},"96":{"start":{"line":97,"column":0},"end":{"line":97,"column":54}},"97":{"start":{"line":98,"column":0},"end":{"line":98,"column":0}},"98":{"start":{"line":99,"column":0},"end":{"line":99,"column":26}},"99":{"start":{"line":100,"column":0},"end":{"line":100,"column":13}},"100":{"start":{"line":101,"column":0},"end":{"line":101,"column":13}},"101":{"start":{"line":102,"column":0},"end":{"line":102,"column":27}},"102":{"start":{"line":103,"column":0},"end":{"line":103,"column":19}},"103":{"start":{"line":104,"column":0},"end":{"line":104,"column":48}},"104":{"start":{"line":105,"column":0},"end":{"line":105,"column":30}},"105":{"start":{"line":106,"column":0},"end":{"line":106,"column":14}},"106":{"start":{"line":107,"column":0},"end":{"line":107,"column":12}},"107":{"start":{"line":108,"column":0},"end":{"line":108,"column":7}},"108":{"start":{"line":109,"column":0},"end":{"line":109,"column":7}},"109":{"start":{"line":110,"column":0},"end":{"line":110,"column":17}},"110":{"start":{"line":111,"column":0},"end":{"line":111,"column":26}},"111":{"start":{"line":112,"column":0},"end":{"line":112,"column":43}},"112":{"start":{"line":113,"column":0},"end":{"line":113,"column":7}},"113":{"start":{"line":114,"column":0},"end":{"line":114,"column":3}},"114":{"start":{"line":115,"column":0},"end":{"line":115,"column":0}},"115":{"start":{"line":116,"column":0},"end":{"line":116,"column":1}},"116":{"start":{"line":117,"column":0},"end":{"line":117,"column":39}},"117":{"start":{"line":118,"column":0},"end":{"line":118,"column":24}},"118":{"start":{"line":119,"column":0},"end":{"line":119,"column":0}},"119":{"start":{"line":120,"column":0},"end":{"line":120,"column":32}},"120":{"start":{"line":121,"column":0},"end":{"line":121,"column":0}},"121":{"start":{"line":122,"column":0},"end":{"line":122,"column":7}},"122":{"start":{"line":123,"column":0},"end":{"line":123,"column":53}},"123":{"start":{"line":124,"column":0},"end":{"line":124,"column":0}},"124":{"start":{"line":125,"column":0},"end":{"line":125,"column":17}},"125":{"start":{"line":126,"column":0},"end":{"line":126,"column":35}},"126":{"start":{"line":127,"column":0},"end":{"line":127,"column":35}},"127":{"start":{"line":128,"column":0},"end":{"line":128,"column":9}},"128":{"start":{"line":129,"column":0},"end":{"line":129,"column":5}},"129":{"start":{"line":130,"column":0},"end":{"line":130,"column":0}},"130":{"start":{"line":131,"column":0},"end":{"line":131,"column":44}},"131":{"start":{"line":132,"column":0},"end":{"line":132,"column":35}},"132":{"start":{"line":133,"column":0},"end":{"line":133,"column":50}},"133":{"start":{"line":134,"column":0},"end":{"line":134,"column":9}},"134":{"start":{"line":135,"column":0},"end":{"line":135,"column":5}},"135":{"start":{"line":136,"column":0},"end":{"line":136,"column":0}},"136":{"start":{"line":137,"column":0},"end":{"line":137,"column":36}},"137":{"start":{"line":138,"column":0},"end":{"line":138,"column":0}},"138":{"start":{"line":139,"column":0},"end":{"line":139,"column":17}},"139":{"start":{"line":140,"column":0},"end":{"line":140,"column":33}},"140":{"start":{"line":141,"column":0},"end":{"line":141,"column":38}},"141":{"start":{"line":142,"column":0},"end":{"line":142,"column":7}},"142":{"start":{"line":143,"column":0},"end":{"line":143,"column":3}},"143":{"start":{"line":144,"column":0},"end":{"line":144,"column":1}},"144":{"start":{"line":145,"column":0},"end":{"line":145,"column":0}},"145":{"start":{"line":146,"column":0},"end":{"line":146,"column":42}},"146":{"start":{"line":147,"column":0},"end":{"line":147,"column":24}},"147":{"start":{"line":148,"column":0},"end":{"line":148,"column":32}},"148":{"start":{"line":149,"column":0},"end":{"line":149,"column":0}},"149":{"start":{"line":150,"column":0},"end":{"line":150,"column":50}},"150":{"start":{"line":151,"column":0},"end":{"line":151,"column":65}},"151":{"start":{"line":152,"column":0},"end":{"line":152,"column":3}},"152":{"start":{"line":153,"column":0},"end":{"line":153,"column":0}},"153":{"start":{"line":154,"column":0},"end":{"line":154,"column":0}},"154":{"start":{"line":155,"column":0},"end":{"line":155,"column":7}},"155":{"start":{"line":156,"column":0},"end":{"line":156,"column":0}},"156":{"start":{"line":157,"column":0},"end":{"line":157,"column":53}},"157":{"start":{"line":158,"column":0},"end":{"line":158,"column":0}},"158":{"start":{"line":159,"column":0},"end":{"line":159,"column":17}},"159":{"start":{"line":160,"column":0},"end":{"line":160,"column":35}},"160":{"start":{"line":161,"column":0},"end":{"line":161,"column":35}},"161":{"start":{"line":162,"column":0},"end":{"line":162,"column":9}},"162":{"start":{"line":163,"column":0},"end":{"line":163,"column":5}},"163":{"start":{"line":164,"column":0},"end":{"line":164,"column":0}},"164":{"start":{"line":165,"column":0},"end":{"line":165,"column":44}},"165":{"start":{"line":166,"column":0},"end":{"line":166,"column":35}},"166":{"start":{"line":167,"column":0},"end":{"line":167,"column":64}},"167":{"start":{"line":168,"column":0},"end":{"line":168,"column":9}},"168":{"start":{"line":169,"column":0},"end":{"line":169,"column":5}},"169":{"start":{"line":170,"column":0},"end":{"line":170,"column":37}},"170":{"start":{"line":171,"column":0},"end":{"line":171,"column":35}},"171":{"start":{"line":172,"column":0},"end":{"line":172,"column":59}},"172":{"start":{"line":173,"column":0},"end":{"line":173,"column":9}},"173":{"start":{"line":174,"column":0},"end":{"line":174,"column":5}},"174":{"start":{"line":175,"column":0},"end":{"line":175,"column":31}},"175":{"start":{"line":176,"column":0},"end":{"line":176,"column":0}},"176":{"start":{"line":177,"column":0},"end":{"line":177,"column":23}},"177":{"start":{"line":178,"column":0},"end":{"line":178,"column":0}},"178":{"start":{"line":179,"column":0},"end":{"line":179,"column":36}},"179":{"start":{"line":180,"column":0},"end":{"line":180,"column":17}},"180":{"start":{"line":181,"column":0},"end":{"line":181,"column":33}},"181":{"start":{"line":182,"column":0},"end":{"line":182,"column":38}},"182":{"start":{"line":183,"column":0},"end":{"line":183,"column":7}},"183":{"start":{"line":184,"column":0},"end":{"line":184,"column":3}},"184":{"start":{"line":185,"column":0},"end":{"line":185,"column":1}},"185":{"start":{"line":186,"column":0},"end":{"line":186,"column":0}},"186":{"start":{"line":187,"column":0},"end":{"line":187,"column":45}},"187":{"start":{"line":188,"column":0},"end":{"line":188,"column":24}},"188":{"start":{"line":189,"column":0},"end":{"line":189,"column":32}},"189":{"start":{"line":190,"column":0},"end":{"line":190,"column":0}},"190":{"start":{"line":191,"column":0},"end":{"line":191,"column":50}},"191":{"start":{"line":192,"column":0},"end":{"line":192,"column":33}},"192":{"start":{"line":193,"column":0},"end":{"line":193,"column":33}},"193":{"start":{"line":194,"column":0},"end":{"line":194,"column":7}},"194":{"start":{"line":195,"column":0},"end":{"line":195,"column":3}},"195":{"start":{"line":196,"column":0},"end":{"line":196,"column":7}},"196":{"start":{"line":197,"column":0},"end":{"line":197,"column":53}},"197":{"start":{"line":198,"column":0},"end":{"line":198,"column":0}},"198":{"start":{"line":199,"column":0},"end":{"line":199,"column":17}},"199":{"start":{"line":200,"column":0},"end":{"line":200,"column":35}},"200":{"start":{"line":201,"column":0},"end":{"line":201,"column":35}},"201":{"start":{"line":202,"column":0},"end":{"line":202,"column":9}},"202":{"start":{"line":203,"column":0},"end":{"line":203,"column":5}},"203":{"start":{"line":204,"column":0},"end":{"line":204,"column":0}},"204":{"start":{"line":205,"column":0},"end":{"line":205,"column":44}},"205":{"start":{"line":206,"column":0},"end":{"line":206,"column":35}},"206":{"start":{"line":207,"column":0},"end":{"line":207,"column":64}},"207":{"start":{"line":208,"column":0},"end":{"line":208,"column":9}},"208":{"start":{"line":209,"column":0},"end":{"line":209,"column":5}},"209":{"start":{"line":210,"column":0},"end":{"line":210,"column":37}},"210":{"start":{"line":211,"column":0},"end":{"line":211,"column":35}},"211":{"start":{"line":212,"column":0},"end":{"line":212,"column":57}},"212":{"start":{"line":213,"column":0},"end":{"line":213,"column":9}},"213":{"start":{"line":214,"column":0},"end":{"line":214,"column":5}},"214":{"start":{"line":215,"column":0},"end":{"line":215,"column":41}},"215":{"start":{"line":216,"column":0},"end":{"line":216,"column":0}},"216":{"start":{"line":217,"column":0},"end":{"line":217,"column":8}},"217":{"start":{"line":218,"column":0},"end":{"line":218,"column":25}},"218":{"start":{"line":219,"column":0},"end":{"line":219,"column":32}},"219":{"start":{"line":220,"column":0},"end":{"line":220,"column":30}},"220":{"start":{"line":221,"column":0},"end":{"line":221,"column":31}},"221":{"start":{"line":222,"column":0},"end":{"line":222,"column":33}},"222":{"start":{"line":223,"column":0},"end":{"line":223,"column":26}},"223":{"start":{"line":224,"column":0},"end":{"line":224,"column":7}},"224":{"start":{"line":225,"column":0},"end":{"line":225,"column":35}},"225":{"start":{"line":226,"column":0},"end":{"line":226,"column":55}},"226":{"start":{"line":227,"column":0},"end":{"line":227,"column":9}},"227":{"start":{"line":228,"column":0},"end":{"line":228,"column":5}},"228":{"start":{"line":229,"column":0},"end":{"line":229,"column":0}},"229":{"start":{"line":230,"column":0},"end":{"line":230,"column":0}},"230":{"start":{"line":231,"column":0},"end":{"line":231,"column":29}},"231":{"start":{"line":232,"column":0},"end":{"line":232,"column":46}},"232":{"start":{"line":233,"column":0},"end":{"line":233,"column":42}},"233":{"start":{"line":234,"column":0},"end":{"line":234,"column":44}},"234":{"start":{"line":235,"column":0},"end":{"line":235,"column":48}},"235":{"start":{"line":236,"column":0},"end":{"line":236,"column":40}},"236":{"start":{"line":237,"column":0},"end":{"line":237,"column":5}},"237":{"start":{"line":238,"column":0},"end":{"line":238,"column":0}},"238":{"start":{"line":239,"column":0},"end":{"line":239,"column":23}},"239":{"start":{"line":240,"column":0},"end":{"line":240,"column":0}},"240":{"start":{"line":241,"column":0},"end":{"line":241,"column":36}},"241":{"start":{"line":242,"column":0},"end":{"line":242,"column":17}},"242":{"start":{"line":243,"column":0},"end":{"line":243,"column":33}},"243":{"start":{"line":244,"column":0},"end":{"line":244,"column":38}},"244":{"start":{"line":245,"column":0},"end":{"line":245,"column":7}},"245":{"start":{"line":246,"column":0},"end":{"line":246,"column":3}},"246":{"start":{"line":247,"column":0},"end":{"line":247,"column":1}},"247":{"start":{"line":248,"column":0},"end":{"line":248,"column":0}},"248":{"start":{"line":249,"column":0},"end":{"line":249,"column":18}},"249":{"start":{"line":250,"column":0},"end":{"line":250,"column":76}},"250":{"start":{"line":251,"column":0},"end":{"line":251,"column":1}}},"s":{"0":1,"1":1,"2":1,"3":1,"4":1,"5":1,"6":5,"7":5,"8":5,"9":5,"10":5,"11":5,"12":5,"13":5,"14":5,"15":5,"16":4,"17":4,"18":4,"19":4,"20":5,"21":1,"22":1,"23":3,"24":3,"25":3,"26":3,"27":3,"28":3,"29":3,"30":2,"31":2,"32":2,"33":2,"34":2,"35":2,"36":1,"37":1,"38":1,"39":1,"40":1,"41":1,"42":1,"43":1,"44":1,"45":1,"46":1,"47":1,"48":1,"49":1,"50":1,"51":1,"52":1,"53":1,"54":2,"55":2,"56":2,"57":2,"58":2,"59":2,"60":2,"61":2,"62":2,"63":2,"64":2,"65":1,"66":1,"67":1,"68":5,"69":3,"70":3,"71":3,"72":3,"73":3,"74":0,"75":3,"76":3,"77":3,"78":0,"79":0,"80":5,"81":1,"82":4,"83":4,"84":4,"85":4,"86":4,"87":4,"88":4,"89":4,"90":4,"91":4,"92":4,"93":4,"94":4,"95":4,"96":4,"97":4,"98":4,"99":4,"100":4,"101":4,"102":4,"103":4,"104":4,"105":4,"106":4,"107":4,"108":4,"109":4,"110":0,"111":0,"112":0,"113":0,"114":4,"115":4,"116":4,"117":4,"118":4,"119":4,"120":4,"121":4,"122":4,"123":3,"124":4,"125":1,"126":1,"127":1,"128":1,"129":2,"130":4,"131":1,"132":1,"133":1,"134":1,"135":1,"136":1,"137":1,"138":1,"139":1,"140":1,"141":1,"142":1,"143":4,"144":1,"145":5,"146":5,"147":5,"148":5,"149":5,"150":1,"151":1,"152":4,"153":4,"154":4,"155":4,"156":4,"157":4,"158":5,"159":1,"160":1,"161":1,"162":1,"163":3,"164":5,"165":1,"166":1,"167":1,"168":1,"169":5,"170":1,"171":1,"172":1,"173":1,"174":1,"175":1,"176":1,"177":1,"178":1,"179":5,"180":0,"181":0,"182":0,"183":0,"184":5,"185":1,"186":5,"187":5,"188":5,"189":5,"190":5,"191":1,"192":1,"193":1,"194":1,"195":4,"196":4,"197":4,"198":5,"199":1,"200":1,"201":1,"202":1,"203":3,"204":5,"205":1,"206":1,"207":1,"208":1,"209":5,"210":1,"211":1,"212":1,"213":1,"214":1,"215":1,"216":1,"217":1,"218":5,"219":5,"220":5,"221":5,"222":1,"223":5,"224":0,"225":0,"226":0,"227":0,"228":1,"229":1,"230":1,"231":1,"232":1,"233":1,"234":1,"235":1,"236":1,"237":1,"238":1,"239":1,"240":1,"241":5,"242":0,"243":0,"244":0,"245":0,"246":5,"247":1,"248":1,"249":1,"250":1},"branchMap":{"0":{"type":"branch","line":7,"loc":{"start":{"line":7,"column":0},"end":{"line":81,"column":1}},"locations":[{"start":{"line":7,"column":0},"end":{"line":81,"column":1}}]},"1":{"type":"branch","line":16,"loc":{"start":{"line":16,"column":6},"end":{"line":21,"column":44}},"locations":[{"start":{"line":16,"column":6},"end":{"line":21,"column":44}}]},"2":{"type":"branch","line":21,"loc":{"start":{"line":21,"column":46},"end":{"line":23,"column":5}},"locations":[{"start":{"line":21,"column":46},"end":{"line":23,"column":5}}]},"3":{"type":"branch","line":23,"loc":{"start":{"line":23,"column":4},"end":{"line":30,"column":8}},"locations":[{"start":{"line":23,"column":4},"end":{"line":30,"column":8}}]},"4":{"type":"branch","line":30,"loc":{"start":{"line":30,"column":7},"end":{"line":65,"column":7}},"locations":[{"start":{"line":30,"column":7},"end":{"line":65,"column":7}}]},"5":{"type":"branch","line":65,"loc":{"start":{"line":65,"column":6},"end":{"line":69,"column":3}},"locations":[{"start":{"line":65,"column":6},"end":{"line":69,"column":3}}]},"6":{"type":"branch","line":69,"loc":{"start":{"line":69,"column":3},"end":{"line":80,"column":3}},"locations":[{"start":{"line":69,"column":3},"end":{"line":80,"column":3}}]},"7":{"type":"branch","line":71,"loc":{"start":{"line":71,"column":41},"end":{"line":72,"column":45}},"locations":[{"start":{"line":71,"column":41},"end":{"line":72,"column":45}}]},"8":{"type":"branch","line":72,"loc":{"start":{"line":72,"column":45},"end":{"line":73,"column":43}},"locations":[{"start":{"line":72,"column":45},"end":{"line":73,"column":43}}]},"9":{"type":"branch","line":73,"loc":{"start":{"line":73,"column":43},"end":{"line":74,"column":49}},"locations":[{"start":{"line":73,"column":43},"end":{"line":74,"column":49}}]},"10":{"type":"branch","line":74,"loc":{"start":{"line":74,"column":49},"end":{"line":75,"column":32}},"locations":[{"start":{"line":74,"column":49},"end":{"line":75,"column":32}}]},"11":{"type":"branch","line":78,"loc":{"start":{"line":78,"column":4},"end":{"line":80,"column":3}},"locations":[{"start":{"line":78,"column":4},"end":{"line":80,"column":3}}]},"12":{"type":"branch","line":24,"loc":{"start":{"line":24,"column":72},"end":{"line":30,"column":5}},"locations":[{"start":{"line":24,"column":72},"end":{"line":30,"column":5}}]},"13":{"type":"branch","line":29,"loc":{"start":{"line":29,"column":8},"end":{"line":30,"column":5}},"locations":[{"start":{"line":29,"column":8},"end":{"line":30,"column":5}}]},"14":{"type":"branch","line":33,"loc":{"start":{"line":33,"column":57},"end":{"line":55,"column":5}},"locations":[{"start":{"line":33,"column":57},"end":{"line":55,"column":5}}]},"15":{"type":"branch","line":36,"loc":{"start":{"line":36,"column":41},"end":{"line":55,"column":5}},"locations":[{"start":{"line":36,"column":41},"end":{"line":55,"column":5}}]},"16":{"type":"branch","line":34,"loc":{"start":{"line":34,"column":37},"end":{"line":34,"column":66}},"locations":[{"start":{"line":34,"column":37},"end":{"line":34,"column":66}}]},"17":{"type":"branch","line":83,"loc":{"start":{"line":83,"column":0},"end":{"line":116,"column":1}},"locations":[{"start":{"line":83,"column":0},"end":{"line":116,"column":1}}]},"18":{"type":"branch","line":86,"loc":{"start":{"line":86,"column":39},"end":{"line":86,"column":44}},"locations":[{"start":{"line":86,"column":39},"end":{"line":86,"column":44}}]},"19":{"type":"branch","line":87,"loc":{"start":{"line":87,"column":41},"end":{"line":87,"column":47}},"locations":[{"start":{"line":87,"column":41},"end":{"line":87,"column":47}}]},"20":{"type":"branch","line":110,"loc":{"start":{"line":110,"column":4},"end":{"line":114,"column":3}},"locations":[{"start":{"line":110,"column":4},"end":{"line":114,"column":3}}]},"21":{"type":"branch","line":117,"loc":{"start":{"line":117,"column":0},"end":{"line":144,"column":1}},"locations":[{"start":{"line":117,"column":0},"end":{"line":144,"column":1}}]},"22":{"type":"branch","line":123,"loc":{"start":{"line":123,"column":52},"end":{"line":125,"column":16}},"locations":[{"start":{"line":123,"column":52},"end":{"line":125,"column":16}}]},"23":{"type":"branch","line":125,"loc":{"start":{"line":125,"column":16},"end":{"line":129,"column":5}},"locations":[{"start":{"line":125,"column":16},"end":{"line":129,"column":5}}]},"24":{"type":"branch","line":129,"loc":{"start":{"line":129,"column":4},"end":{"line":131,"column":43}},"locations":[{"start":{"line":129,"column":4},"end":{"line":131,"column":43}}]},"25":{"type":"branch","line":131,"loc":{"start":{"line":131,"column":43},"end":{"line":143,"column":3}},"locations":[{"start":{"line":131,"column":43},"end":{"line":143,"column":3}}]},"26":{"type":"branch","line":146,"loc":{"start":{"line":146,"column":0},"end":{"line":185,"column":1}},"locations":[{"start":{"line":146,"column":0},"end":{"line":185,"column":1}}]},"27":{"type":"branch","line":150,"loc":{"start":{"line":150,"column":49},"end":{"line":152,"column":3}},"locations":[{"start":{"line":150,"column":49},"end":{"line":152,"column":3}}]},"28":{"type":"branch","line":152,"loc":{"start":{"line":152,"column":2},"end":{"line":159,"column":16}},"locations":[{"start":{"line":152,"column":2},"end":{"line":159,"column":16}}]},"29":{"type":"branch","line":159,"loc":{"start":{"line":159,"column":16},"end":{"line":163,"column":5}},"locations":[{"start":{"line":159,"column":16},"end":{"line":163,"column":5}}]},"30":{"type":"branch","line":163,"loc":{"start":{"line":163,"column":4},"end":{"line":165,"column":43}},"locations":[{"start":{"line":163,"column":4},"end":{"line":165,"column":43}}]},"31":{"type":"branch","line":165,"loc":{"start":{"line":165,"column":43},"end":{"line":169,"column":5}},"locations":[{"start":{"line":165,"column":43},"end":{"line":169,"column":5}}]},"32":{"type":"branch","line":169,"loc":{"start":{"line":169,"column":4},"end":{"line":170,"column":36}},"locations":[{"start":{"line":169,"column":4},"end":{"line":170,"column":36}}]},"33":{"type":"branch","line":170,"loc":{"start":{"line":170,"column":36},"end":{"line":180,"column":4}},"locations":[{"start":{"line":170,"column":36},"end":{"line":180,"column":4}}]},"34":{"type":"branch","line":180,"loc":{"start":{"line":180,"column":4},"end":{"line":184,"column":3}},"locations":[{"start":{"line":180,"column":4},"end":{"line":184,"column":3}}]},"35":{"type":"branch","line":187,"loc":{"start":{"line":187,"column":0},"end":{"line":247,"column":1}},"locations":[{"start":{"line":187,"column":0},"end":{"line":247,"column":1}}]},"36":{"type":"branch","line":191,"loc":{"start":{"line":191,"column":49},"end":{"line":195,"column":3}},"locations":[{"start":{"line":191,"column":49},"end":{"line":195,"column":3}}]},"37":{"type":"branch","line":195,"loc":{"start":{"line":195,"column":2},"end":{"line":199,"column":16}},"locations":[{"start":{"line":195,"column":2},"end":{"line":199,"column":16}}]},"38":{"type":"branch","line":199,"loc":{"start":{"line":199,"column":16},"end":{"line":203,"column":5}},"locations":[{"start":{"line":199,"column":16},"end":{"line":203,"column":5}}]},"39":{"type":"branch","line":203,"loc":{"start":{"line":203,"column":4},"end":{"line":205,"column":43}},"locations":[{"start":{"line":203,"column":4},"end":{"line":205,"column":43}}]},"40":{"type":"branch","line":205,"loc":{"start":{"line":205,"column":43},"end":{"line":209,"column":5}},"locations":[{"start":{"line":205,"column":43},"end":{"line":209,"column":5}}]},"41":{"type":"branch","line":209,"loc":{"start":{"line":209,"column":4},"end":{"line":210,"column":36}},"locations":[{"start":{"line":209,"column":4},"end":{"line":210,"column":36}}]},"42":{"type":"branch","line":210,"loc":{"start":{"line":210,"column":36},"end":{"line":219,"column":29}},"locations":[{"start":{"line":210,"column":36},"end":{"line":219,"column":29}}]},"43":{"type":"branch","line":219,"loc":{"start":{"line":219,"column":29},"end":{"line":220,"column":27}},"locations":[{"start":{"line":219,"column":29},"end":{"line":220,"column":27}}]},"44":{"type":"branch","line":220,"loc":{"start":{"line":220,"column":27},"end":{"line":221,"column":28}},"locations":[{"start":{"line":220,"column":27},"end":{"line":221,"column":28}}]},"45":{"type":"branch","line":221,"loc":{"start":{"line":221,"column":28},"end":{"line":222,"column":30}},"locations":[{"start":{"line":221,"column":28},"end":{"line":222,"column":30}}]},"46":{"type":"branch","line":222,"loc":{"start":{"line":222,"column":30},"end":{"line":223,"column":26}},"locations":[{"start":{"line":222,"column":30},"end":{"line":223,"column":26}}]},"47":{"type":"branch","line":224,"loc":{"start":{"line":224,"column":6},"end":{"line":228,"column":5}},"locations":[{"start":{"line":224,"column":6},"end":{"line":228,"column":5}}]},"48":{"type":"branch","line":228,"loc":{"start":{"line":228,"column":4},"end":{"line":242,"column":4}},"locations":[{"start":{"line":228,"column":4},"end":{"line":242,"column":4}}]},"49":{"type":"branch","line":242,"loc":{"start":{"line":242,"column":4},"end":{"line":246,"column":3}},"locations":[{"start":{"line":242,"column":4},"end":{"line":246,"column":3}}]}},"b":{"0":[5],"1":[4],"2":[1],"3":[3],"4":[2],"5":[1],"6":[3],"7":[2],"8":[1],"9":[0],"10":[0],"11":[0],"12":[3],"13":[2],"14":[2],"15":[1],"16":[2],"17":[4],"18":[2],"19":[2],"20":[0],"21":[4],"22":[3],"23":[1],"24":[2],"25":[1],"26":[5],"27":[1],"28":[4],"29":[1],"30":[3],"31":[1],"32":[2],"33":[1],"34":[0],"35":[5],"36":[1],"37":[4],"38":[1],"39":[3],"40":[1],"41":[2],"42":[1],"43":[1],"44":[1],"45":[1],"46":[1],"47":[0],"48":[1],"49":[0]},"fnMap":{"0":{"name":"createOrder","decl":{"start":{"line":7,"column":0},"end":{"line":81,"column":1}},"loc":{"start":{"line":7,"column":0},"end":{"line":81,"column":1}},"line":7},"1":{"name":"getMyOrder","decl":{"start":{"line":83,"column":0},"end":{"line":116,"column":1}},"loc":{"start":{"line":83,"column":0},"end":{"line":116,"column":1}},"line":83},"2":{"name":"getOrderById","decl":{"start":{"line":117,"column":0},"end":{"line":144,"column":1}},"loc":{"start":{"line":117,"column":0},"end":{"line":144,"column":1}},"line":117},"3":{"name":"cancelOrderById","decl":{"start":{"line":146,"column":0},"end":{"line":185,"column":1}},"loc":{"start":{"line":146,"column":0},"end":{"line":185,"column":1}},"line":146},"4":{"name":"updateOrderAddress","decl":{"start":{"line":187,"column":0},"end":{"line":247,"column":1}},"loc":{"start":{"line":187,"column":0},"end":{"line":247,"column":1}},"line":187}},"f":{"0":5,"1":4,"2":4,"3":5,"4":5}}
,"C:\\Users\\kk234\\OneDrive\\Desktop\\Dev with Sheriyans\\Cohort Microservices\\Order\\src\\db\\db.js": {"path":"C:\\Users\\kk234\\OneDrive\\Desktop\\Dev with Sheriyans\\Cohort Microservices\\Order\\src\\db\\db.js","all":false,"statementMap":{"0":{"start":{"line":1,"column":0},"end":{"line":1,"column":37}},"1":{"start":{"line":2,"column":0},"end":{"line":2,"column":0}},"2":{"start":{"line":3,"column":0},"end":{"line":3,"column":0}},"3":{"start":{"line":4,"column":0},"end":{"line":4,"column":31}},"4":{"start":{"line":5,"column":0},"end":{"line":5,"column":49}},"5":{"start":{"line":6,"column":0},"end":{"line":6,"column":15}},"6":{"start":{"line":7,"column":0},"end":{"line":7,"column":39}},"7":{"start":{"line":8,"column":0},"end":{"line":8,"column":6}},"8":{"start":{"line":9,"column":0},"end":{"line":9,"column":19}},"9":{"start":{"line":10,"column":0},"end":{"line":10,"column":56}},"10":{"start":{"line":11,"column":0},"end":{"line":11,"column":7}},"11":{"start":{"line":12,"column":0},"end":{"line":12,"column":1}},"12":{"start":{"line":13,"column":0},"end":{"line":13,"column":31}}},"s":{"0":1,"1":1,"2":1,"3":5,"4":5,"5":5,"6":5,"7":5,"8":5,"9":0,"10":5,"11":5,"12":1},"branchMap":{"0":{"type":"branch","line":4,"loc":{"start":{"line":4,"column":0},"end":{"line":12,"column":1}},"locations":[{"start":{"line":4,"column":0},"end":{"line":12,"column":1}}]},"1":{"type":"branch","line":6,"loc":{"start":{"line":6,"column":10},"end":{"line":8,"column":5}},"locations":[{"start":{"line":6,"column":10},"end":{"line":8,"column":5}}]}},"b":{"0":[5],"1":[5]},"fnMap":{"0":{"name":"connectedToDB","decl":{"start":{"line":4,"column":0},"end":{"line":12,"column":1}},"loc":{"start":{"line":4,"column":0},"end":{"line":12,"column":1}},"line":4}},"f":{"0":5}}
,"C:\\Users\\kk234\\OneDrive\\Desktop\\Dev with Sheriyans\\Cohort Microservices\\Order\\src\\middlewares\\auth.middlewares.js": {"path":"C:\\Users\\kk234\\OneDrive\\Desktop\\Dev with Sheriyans\\Cohort Microservices\\Order\\src\\middlewares\\auth.middlewares.js","all":false,"statementMap":{"0":{"start":{"line":1,"column":0},"end":{"line":1,"column":0}},"1":{"start":{"line":2,"column":0},"end":{"line":2,"column":0}},"2":{"start":{"line":3,"column":0},"end":{"line":3,"column":36}},"3":{"start":{"line":4,"column":0},"end":{"line":4,"column":0}},"4":{"start":{"line":5,"column":0},"end":{"line":5,"column":0}},"5":{"start":{"line":6,"column":0},"end":{"line":6,"column":49}},"6":{"start":{"line":7,"column":0},"end":{"line":7,"column":52}},"7":{"start":{"line":8,"column":0},"end":{"line":8,"column":86}},"8":{"start":{"line":9,"column":0},"end":{"line":9,"column":0}},"9":{"start":{"line":10,"column":0},"end":{"line":10,"column":21}},"10":{"start":{"line":11,"column":0},"end":{"line":11,"column":78}},"11":{"start":{"line":12,"column":0},"end":{"line":12,"column":9}},"12":{"start":{"line":13,"column":0},"end":{"line":13,"column":0}},"13":{"start":{"line":14,"column":0},"end":{"line":14,"column":13}},"14":{"start":{"line":15,"column":0},"end":{"line":15,"column":70}},"15":{"start":{"line":16,"column":0},"end":{"line":16,"column":0}},"16":{"start":{"line":17,"column":0},"end":{"line":17,"column":48}},"17":{"start":{"line":18,"column":0},"end":{"line":18,"column":44}},"18":{"start":{"line":19,"column":0},"end":{"line":19,"column":61}},"19":{"start":{"line":20,"column":0},"end":{"line":20,"column":18}},"20":{"start":{"line":21,"column":0},"end":{"line":21,"column":13}},"21":{"start":{"line":22,"column":0},"end":{"line":22,"column":33}},"22":{"start":{"line":23,"column":0},"end":{"line":23,"column":28}},"23":{"start":{"line":24,"column":0},"end":{"line":24,"column":19}},"24":{"start":{"line":25,"column":0},"end":{"line":25,"column":25}},"25":{"start":{"line":26,"column":0},"end":{"line":26,"column":76}},"26":{"start":{"line":27,"column":0},"end":{"line":27,"column":9}},"27":{"start":{"line":28,"column":0},"end":{"line":28,"column":5}},"28":{"start":{"line":29,"column":0},"end":{"line":29,"column":1}},"29":{"start":{"line":30,"column":0},"end":{"line":30,"column":0}},"30":{"start":{"line":31,"column":0},"end":{"line":31,"column":40}}},"s":{"0":1,"1":1,"2":1,"3":1,"4":1,"5":25,"6":25,"7":42,"8":42,"9":42,"10":5,"11":5,"12":37,"13":37,"14":37,"15":37,"16":42,"17":5,"18":5,"19":5,"20":5,"21":27,"22":27,"23":27,"24":42,"25":5,"26":5,"27":42,"28":25,"29":1,"30":1},"branchMap":{"0":{"type":"branch","line":6,"loc":{"start":{"line":6,"column":0},"end":{"line":29,"column":1}},"locations":[{"start":{"line":6,"column":0},"end":{"line":29,"column":1}}]},"1":{"type":"branch","line":7,"loc":{"start":{"line":7,"column":11},"end":{"line":28,"column":5}},"locations":[{"start":{"line":7,"column":11},"end":{"line":28,"column":5}}]},"2":{"type":"branch","line":8,"loc":{"start":{"line":8,"column":70},"end":{"line":8,"column":77}},"locations":[{"start":{"line":8,"column":70},"end":{"line":8,"column":77}}]},"3":{"type":"branch","line":10,"loc":{"start":{"line":10,"column":20},"end":{"line":12,"column":9}},"locations":[{"start":{"line":10,"column":20},"end":{"line":12,"column":9}}]},"4":{"type":"branch","line":12,"loc":{"start":{"line":12,"column":8},"end":{"line":17,"column":47}},"locations":[{"start":{"line":12,"column":8},"end":{"line":17,"column":47}}]},"5":{"type":"branch","line":17,"loc":{"start":{"line":17,"column":47},"end":{"line":21,"column":13}},"locations":[{"start":{"line":17,"column":47},"end":{"line":21,"column":13}}]},"6":{"type":"branch","line":21,"loc":{"start":{"line":21,"column":12},"end":{"line":25,"column":10}},"locations":[{"start":{"line":21,"column":12},"end":{"line":25,"column":10}}]},"7":{"type":"branch","line":25,"loc":{"start":{"line":25,"column":10},"end":{"line":27,"column":9}},"locations":[{"start":{"line":25,"column":10},"end":{"line":27,"column":9}}]}},"b":{"0":[25],"1":[42],"2":[37],"3":[5],"4":[37],"5":[5],"6":[27],"7":[5]},"fnMap":{"0":{"name":"createAuthMiddleware","decl":{"start":{"line":6,"column":0},"end":{"line":29,"column":1}},"loc":{"start":{"line":6,"column":0},"end":{"line":29,"column":1}},"line":6},"1":{"name":"authMiddleware","decl":{"start":{"line":7,"column":11},"end":{"line":28,"column":5}},"loc":{"start":{"line":7,"column":11},"end":{"line":28,"column":5}},"line":7}},"f":{"0":25,"1":42}}
,"C:\\Users\\kk234\\OneDrive\\Desktop\\Dev with Sheriyans\\Cohort Microservices\\Order\\src\\middlewares\\validation.middlewares.js": {"path":"C:\\Users\\kk234\\OneDrive\\Desktop\\Dev with Sheriyans\\Cohort Microservices\\Order\\src\\middlewares\\validation.middlewares.js","all":false,"statementMap":{"0":{"start":{"line":1,"column":0},"end":{"line":1,"column":64}},"1":{"start":{"line":2,"column":0},"end":{"line":2,"column":0}},"2":{"start":{"line":3,"column":0},"end":{"line":3,"column":54}},"3":{"start":{"line":4,"column":0},"end":{"line":4,"column":41}},"4":{"start":{"line":5,"column":0},"end":{"line":5,"column":28}},"5":{"start":{"line":6,"column":0},"end":{"line":6,"column":64}},"6":{"start":{"line":7,"column":0},"end":{"line":7,"column":5}},"7":{"start":{"line":8,"column":0},"end":{"line":8,"column":11}},"8":{"start":{"line":9,"column":0},"end":{"line":9,"column":2}},"9":{"start":{"line":10,"column":0},"end":{"line":10,"column":0}},"10":{"start":{"line":11,"column":0},"end":{"line":11,"column":34}},"11":{"start":{"line":12,"column":0},"end":{"line":12,"column":34}},"12":{"start":{"line":13,"column":0},"end":{"line":13,"column":53}},"13":{"start":{"line":14,"column":0},"end":{"line":14,"column":57}},"14":{"start":{"line":15,"column":0},"end":{"line":15,"column":0}},"15":{"start":{"line":16,"column":0},"end":{"line":16,"column":32}},"16":{"start":{"line":17,"column":0},"end":{"line":17,"column":51}},"17":{"start":{"line":18,"column":0},"end":{"line":18,"column":55}},"18":{"start":{"line":19,"column":0},"end":{"line":19,"column":0}},"19":{"start":{"line":20,"column":0},"end":{"line":20,"column":33}},"20":{"start":{"line":21,"column":0},"end":{"line":21,"column":52}},"21":{"start":{"line":22,"column":0},"end":{"line":22,"column":57}},"22":{"start":{"line":23,"column":0},"end":{"line":23,"column":0}},"23":{"start":{"line":24,"column":0},"end":{"line":24,"column":35}},"24":{"start":{"line":25,"column":0},"end":{"line":25,"column":54}},"25":{"start":{"line":26,"column":0},"end":{"line":26,"column":59}},"26":{"start":{"line":27,"column":0},"end":{"line":27,"column":0}},"27":{"start":{"line":28,"column":0},"end":{"line":28,"column":31}},"28":{"start":{"line":29,"column":0},"end":{"line":29,"column":67}},"29":{"start":{"line":30,"column":0},"end":{"line":30,"column":55}},"30":{"start":{"line":31,"column":0},"end":{"line":31,"column":59}},"31":{"start":{"line":32,"column":0},"end":{"line":32,"column":28}},"32":{"start":{"line":33,"column":0},"end":{"line":33,"column":1}},"33":{"start":{"line":34,"column":0},"end":{"line":34,"column":0}},"34":{"start":{"line":35,"column":0},"end":{"line":35,"column":18}},"35":{"start":{"line":36,"column":0},"end":{"line":36,"column":28}},"36":{"start":{"line":37,"column":0},"end":{"line":37,"column":1}}},"s":{"0":1,"1":1,"2":1,"3":14,"4":14,"5":4,"6":4,"7":10,"8":10,"9":1,"10":1,"11":1,"12":1,"13":1,"14":1,"15":1,"16":1,"17":1,"18":1,"19":1,"20":1,"21":1,"22":1,"23":1,"24":1,"25":1,"26":1,"27":1,"28":1,"29":1,"30":1,"31":1,"32":1,"33":1,"34":1,"35":1,"36":1},"branchMap":{"0":{"type":"branch","line":3,"loc":{"start":{"line":3,"column":33},"end":{"line":9,"column":2}},"locations":[{"start":{"line":3,"column":33},"end":{"line":9,"column":2}}]},"1":{"type":"branch","line":5,"loc":{"start":{"line":5,"column":27},"end":{"line":7,"column":5}},"locations":[{"start":{"line":5,"column":27},"end":{"line":7,"column":5}}]},"2":{"type":"branch","line":7,"loc":{"start":{"line":7,"column":4},"end":{"line":9,"column":2}},"locations":[{"start":{"line":7,"column":4},"end":{"line":9,"column":2}}]}},"b":{"0":[14],"1":[4],"2":[10]},"fnMap":{"0":{"name":"responseValidationResult","decl":{"start":{"line":3,"column":33},"end":{"line":9,"column":2}},"loc":{"start":{"line":3,"column":33},"end":{"line":9,"column":2}},"line":3}},"f":{"0":14}}
,"C:\\Users\\kk234\\OneDrive\\Desktop\\Dev with Sheriyans\\Cohort Microservices\\Order\\src\\models\\order.models.js": {"path":"C:\\Users\\kk234\\OneDrive\\Desktop\\Dev with Sheriyans\\Cohort Microservices\\Order\\src\\models\\order.models.js","all":false,"statementMap":{"0":{"start":{"line":1,"column":0},"end":{"line":1,"column":37}},"1":{"start":{"line":2,"column":0},"end":{"line":2,"column":0}},"2":{"start":{"line":3,"column":0},"end":{"line":3,"column":43}},"3":{"start":{"line":4,"column":0},"end":{"line":4,"column":0}},"4":{"start":{"line":5,"column":0},"end":{"line":5,"column":19}},"5":{"start":{"line":6,"column":0},"end":{"line":6,"column":17}},"6":{"start":{"line":7,"column":0},"end":{"line":7,"column":18}},"7":{"start":{"line":8,"column":0},"end":{"line":8,"column":20}},"8":{"start":{"line":9,"column":0},"end":{"line":9,"column":15}},"9":{"start":{"line":10,"column":0},"end":{"line":10,"column":0}},"10":{"start":{"line":11,"column":0},"end":{"line":11,"column":3}},"11":{"start":{"line":12,"column":0},"end":{"line":12,"column":41}},"12":{"start":{"line":13,"column":0},"end":{"line":13,"column":0}},"13":{"start":{"line":14,"column":0},"end":{"line":14,"column":11}},"14":{"start":{"line":15,"column":0},"end":{"line":15,"column":38}},"15":{"start":{"line":16,"column":0},"end":{"line":16,"column":22}},"16":{"start":{"line":17,"column":0},"end":{"line":17,"column":6}},"17":{"start":{"line":18,"column":0},"end":{"line":18,"column":0}},"18":{"start":{"line":19,"column":0},"end":{"line":19,"column":12}},"19":{"start":{"line":20,"column":0},"end":{"line":20,"column":9}},"20":{"start":{"line":21,"column":0},"end":{"line":21,"column":22}},"21":{"start":{"line":22,"column":0},"end":{"line":22,"column":46}},"22":{"start":{"line":23,"column":0},"end":{"line":23,"column":30}},"23":{"start":{"line":24,"column":0},"end":{"line":24,"column":14}},"24":{"start":{"line":25,"column":0},"end":{"line":25,"column":23}},"25":{"start":{"line":26,"column":0},"end":{"line":26,"column":29}},"26":{"start":{"line":27,"column":0},"end":{"line":27,"column":27}},"27":{"start":{"line":28,"column":0},"end":{"line":28,"column":22}},"28":{"start":{"line":29,"column":0},"end":{"line":29,"column":14}},"29":{"start":{"line":30,"column":0},"end":{"line":30,"column":20}},"30":{"start":{"line":31,"column":0},"end":{"line":31,"column":25}},"31":{"start":{"line":32,"column":0},"end":{"line":32,"column":33}},"32":{"start":{"line":33,"column":0},"end":{"line":33,"column":34}},"33":{"start":{"line":34,"column":0},"end":{"line":34,"column":18}},"34":{"start":{"line":35,"column":0},"end":{"line":35,"column":27}},"35":{"start":{"line":36,"column":0},"end":{"line":36,"column":33}},"36":{"start":{"line":37,"column":0},"end":{"line":37,"column":41}},"37":{"start":{"line":38,"column":0},"end":{"line":38,"column":34}},"38":{"start":{"line":39,"column":0},"end":{"line":39,"column":17}},"39":{"start":{"line":40,"column":0},"end":{"line":40,"column":14}},"40":{"start":{"line":41,"column":0},"end":{"line":41,"column":9}},"41":{"start":{"line":42,"column":0},"end":{"line":42,"column":0}},"42":{"start":{"line":43,"column":0},"end":{"line":43,"column":0}},"43":{"start":{"line":44,"column":0},"end":{"line":44,"column":6}},"44":{"start":{"line":45,"column":0},"end":{"line":45,"column":18}},"45":{"start":{"line":46,"column":0},"end":{"line":46,"column":17}},"46":{"start":{"line":47,"column":0},"end":{"line":47,"column":25}},"47":{"start":{"line":48,"column":0},"end":{"line":48,"column":26}},"48":{"start":{"line":49,"column":0},"end":{"line":49,"column":10}},"49":{"start":{"line":50,"column":0},"end":{"line":50,"column":19}},"50":{"start":{"line":51,"column":0},"end":{"line":51,"column":25}},"51":{"start":{"line":52,"column":0},"end":{"line":52,"column":33}},"52":{"start":{"line":53,"column":0},"end":{"line":53,"column":26}},"53":{"start":{"line":54,"column":0},"end":{"line":54,"column":9}},"54":{"start":{"line":55,"column":0},"end":{"line":55,"column":6}},"55":{"start":{"line":56,"column":0},"end":{"line":56,"column":12}},"56":{"start":{"line":57,"column":0},"end":{"line":57,"column":20}},"57":{"start":{"line":58,"column":0},"end":{"line":58,"column":72}},"58":{"start":{"line":59,"column":0},"end":{"line":59,"column":25}},"59":{"start":{"line":60,"column":0},"end":{"line":60,"column":6}},"60":{"start":{"line":61,"column":0},"end":{"line":61,"column":22}},"61":{"start":{"line":62,"column":0},"end":{"line":62,"column":27}},"62":{"start":{"line":63,"column":0},"end":{"line":63,"column":21}},"63":{"start":{"line":64,"column":0},"end":{"line":64,"column":5}},"64":{"start":{"line":65,"column":0},"end":{"line":65,"column":23}},"65":{"start":{"line":66,"column":0},"end":{"line":66,"column":2}},"66":{"start":{"line":67,"column":0},"end":{"line":67,"column":0}},"67":{"start":{"line":68,"column":0},"end":{"line":68,"column":56}},"68":{"start":{"line":69,"column":0},"end":{"line":69,"column":0}},"69":{"start":{"line":70,"column":0},"end":{"line":70,"column":28}}},"s":{"0":1,"1":1,"2":1,"3":1,"4":1,"5":1,"6":1,"7":1,"8":1,"9":1,"10":1,"11":1,"12":1,"13":1,"14":1,"15":1,"16":1,"17":1,"18":1,"19":1,"20":1,"21":1,"22":1,"23":1,"24":1,"25":1,"26":1,"27":1,"28":1,"29":1,"30":1,"31":1,"32":1,"33":1,"34":1,"35":1,"36":1,"37":1,"38":1,"39":1,"40":1,"41":1,"42":1,"43":1,"44":1,"45":1,"46":1,"47":1,"48":1,"49":1,"50":1,"51":1,"52":1,"53":1,"54":1,"55":1,"56":1,"57":1,"58":1,"59":1,"60":1,"61":1,"62":1,"63":1,"64":1,"65":1,"66":1,"67":1,"68":1,"69":1},"branchMap":{},"b":{},"fnMap":{},"f":{}}
,"C:\\Users\\kk234\\OneDrive\\Desktop\\Dev with Sheriyans\\Cohort Microservices\\Order\\src\\routes\\order.routes.js": {"path":"C:\\Users\\kk234\\OneDrive\\Desktop\\Dev with Sheriyans\\Cohort Microservices\\Order\\src\\routes\\order.routes.js","all":false,"statementMap":{"0":{"start":{"line":1,"column":0},"end":{"line":1,"column":35}},"1":{"start":{"line":2,"column":0},"end":{"line":2,"column":72}},"2":{"start":{"line":3,"column":0},"end":{"line":3,"column":68}},"3":{"start":{"line":4,"column":0},"end":{"line":4,"column":68}},"4":{"start":{"line":5,"column":0},"end":{"line":5,"column":0}},"5":{"start":{"line":6,"column":0},"end":{"line":6,"column":32}},"6":{"start":{"line":7,"column":0},"end":{"line":7,"column":0}},"7":{"start":{"line":8,"column":0},"end":{"line":8,"column":112}},"8":{"start":{"line":9,"column":0},"end":{"line":9,"column":76}},"9":{"start":{"line":10,"column":0},"end":{"line":10,"column":79}},"10":{"start":{"line":11,"column":0},"end":{"line":11,"column":89}},"11":{"start":{"line":12,"column":0},"end":{"line":12,"column":131}},"12":{"start":{"line":13,"column":0},"end":{"line":13,"column":0}},"13":{"start":{"line":14,"column":0},"end":{"line":14,"column":24}}},"s":{"0":1,"1":1,"2":1,"3":1,"4":1,"5":1,"6":1,"7":1,"8":1,"9":1,"10":1,"11":1,"12":1,"13":1},"branchMap":{},"b":{},"fnMap":{},"f":{}}
}
