TN:
SF:src\app.js
FNF:0
FNH:0
DA:1,1
DA:2,1
DA:3,1
DA:4,1
DA:5,1
DA:6,1
DA:7,1
DA:8,1
DA:9,1
DA:10,1
DA:11,1
DA:12,1
DA:13,1
DA:14,1
DA:15,1
LF:15
LH:15
BRF:0
BRH:0
end_of_record
TN:
SF:src\controllers\order.controllers.js
FN:6,createOrder
FN:78,getMyOrder
FN:112,getOrderById
FN:141,cancelOrderById
FN:182,updateOrderAddress
FNF:5
FNH:5
FNDA:6,createOrder
FNDA:4,getMyOrder
FNDA:4,getOrderById
FNDA:5,cancelOrderById
FNDA:5,updateOrderAddress
DA:1,1
DA:2,1
DA:3,1
DA:4,1
DA:5,1
DA:6,6
DA:7,6
DA:8,6
DA:9,6
DA:10,6
DA:11,6
DA:12,6
DA:13,6
DA:14,6
DA:15,6
DA:16,5
DA:17,5
DA:18,5
DA:19,5
DA:20,6
DA:21,1
DA:22,1
DA:23,4
DA:24,4
DA:25,4
DA:26,4
DA:27,4
DA:28,4
DA:29,4
DA:30,3
DA:31,3
DA:32,3
DA:33,3
DA:34,3
DA:35,3
DA:36,1
DA:37,1
DA:38,2
DA:39,2
DA:40,2
DA:41,2
DA:42,2
DA:43,2
DA:44,2
DA:45,2
DA:46,2
DA:47,2
DA:48,2
DA:49,2
DA:50,2
DA:51,2
DA:52,2
DA:53,2
DA:54,3
DA:55,3
DA:56,3
DA:57,3
DA:58,3
DA:59,3
DA:60,3
DA:61,3
DA:62,3
DA:63,3
DA:64,3
DA:65,1
DA:66,1
DA:67,6
DA:68,4
DA:69,4
DA:70,4
DA:71,4
DA:72,6
DA:73,6
DA:74,6
DA:75,6
DA:76,6
DA:77,1
DA:78,4
DA:79,4
DA:80,4
DA:81,4
DA:82,4
DA:83,4
DA:84,4
DA:85,4
DA:86,4
DA:87,4
DA:88,4
DA:89,4
DA:90,4
DA:91,4
DA:92,4
DA:93,4
DA:94,4
DA:95,4
DA:96,4
DA:97,4
DA:98,4
DA:99,4
DA:100,4
DA:101,4
DA:102,4
DA:103,4
DA:104,4
DA:105,4
DA:106,0
DA:107,0
DA:108,0
DA:109,0
DA:110,4
DA:111,4
DA:112,4
DA:113,4
DA:114,4
DA:115,4
DA:116,4
DA:117,4
DA:118,4
DA:119,3
DA:120,4
DA:121,1
DA:122,1
DA:123,1
DA:124,1
DA:125,2
DA:126,4
DA:127,1
DA:128,1
DA:129,1
DA:130,1
DA:131,1
DA:132,1
DA:133,1
DA:134,1
DA:135,1
DA:136,1
DA:137,1
DA:138,1
DA:139,4
DA:140,1
DA:141,5
DA:142,5
DA:143,5
DA:144,5
DA:145,5
DA:146,1
DA:147,1
DA:148,4
DA:149,4
DA:150,4
DA:151,4
DA:152,4
DA:153,4
DA:154,5
DA:155,1
DA:156,1
DA:157,1
DA:158,1
DA:159,3
DA:160,5
DA:161,1
DA:162,1
DA:163,1
DA:164,1
DA:165,5
DA:166,1
DA:167,1
DA:168,1
DA:169,1
DA:170,1
DA:171,1
DA:172,1
DA:173,1
DA:174,1
DA:175,5
DA:176,0
DA:177,0
DA:178,0
DA:179,0
DA:180,5
DA:181,1
DA:182,5
DA:183,5
DA:184,5
DA:185,5
DA:186,5
DA:187,1
DA:188,1
DA:189,1
DA:190,1
DA:191,4
DA:192,4
DA:193,4
DA:194,5
DA:195,1
DA:196,1
DA:197,1
DA:198,1
DA:199,3
DA:200,5
DA:201,1
DA:202,1
DA:203,1
DA:204,1
DA:205,5
DA:206,1
DA:207,1
DA:208,1
DA:209,1
DA:210,1
DA:211,1
DA:212,1
DA:213,1
DA:214,5
DA:215,5
DA:216,5
DA:217,5
DA:218,1
DA:219,5
DA:220,0
DA:221,0
DA:222,0
DA:223,0
DA:224,1
DA:225,1
DA:226,1
DA:227,1
DA:228,1
DA:229,1
DA:230,1
DA:231,1
DA:232,1
DA:233,1
DA:234,1
DA:235,1
DA:236,1
DA:237,5
DA:238,0
DA:239,0
DA:240,0
DA:241,0
DA:242,5
DA:243,1
DA:244,1
DA:245,1
DA:246,1
LF:246
LH:230
BRDA:6,0,0,6
BRDA:8,1,0,0
BRDA:15,2,0,5
BRDA:20,3,0,1
BRDA:22,4,0,4
BRDA:29,5,0,3
BRDA:64,6,0,1
BRDA:67,7,0,4
BRDA:23,8,0,4
BRDA:28,9,0,3
BRDA:32,10,0,3
BRDA:35,11,0,1
BRDA:37,12,0,2
BRDA:33,13,0,3
BRDA:78,14,0,4
BRDA:81,15,0,2
BRDA:82,16,0,2
BRDA:105,17,0,0
BRDA:112,18,0,4
BRDA:118,19,0,3
BRDA:120,20,0,1
BRDA:124,21,0,2
BRDA:126,22,0,1
BRDA:141,23,0,5
BRDA:145,24,0,1
BRDA:147,25,0,4
BRDA:154,26,0,1
BRDA:158,27,0,3
BRDA:160,28,0,1
BRDA:164,29,0,2
BRDA:165,30,0,1
BRDA:175,31,0,0
BRDA:182,32,0,5
BRDA:186,33,0,1
BRDA:190,34,0,4
BRDA:194,35,0,1
BRDA:198,36,0,3
BRDA:200,37,0,1
BRDA:204,38,0,2
BRDA:205,39,0,1
BRDA:214,40,0,1
BRDA:215,41,0,1
BRDA:216,42,0,1
BRDA:217,43,0,1
BRDA:219,44,0,0
BRDA:223,45,0,1
BRDA:237,46,0,0
BRF:47
BRH:42
end_of_record
TN:
SF:src\db\db.js
FN:4,connectedToDB
FNF:1
FNH:1
FNDA:5,connectedToDB
DA:1,1
DA:2,1
DA:3,1
DA:4,5
DA:5,5
DA:6,5
DA:7,5
DA:8,5
DA:9,5
DA:10,0
DA:11,5
DA:12,5
DA:13,1
LF:13
LH:12
BRDA:4,0,0,5
BRDA:6,1,0,5
BRF:2
BRH:2
end_of_record
TN:
SF:src\middlewares\auth.middlewares.js
FN:6,createAuthMiddleware
FN:7,authMiddleware
FNF:2
FNH:2
FNDA:25,createAuthMiddleware
FNDA:41,authMiddleware
DA:1,1
DA:2,1
DA:3,1
DA:4,1
DA:5,1
DA:6,25
DA:7,25
DA:8,41
DA:9,41
DA:10,41
DA:11,5
DA:12,5
DA:13,36
DA:14,36
DA:15,36
DA:16,36
DA:17,41
DA:18,3
DA:19,3
DA:20,3
DA:21,3
DA:22,28
DA:23,28
DA:24,28
DA:25,41
DA:26,5
DA:27,5
DA:28,41
DA:29,25
DA:30,1
DA:31,1
LF:31
LH:31
BRDA:6,0,0,25
BRDA:7,1,0,41
BRDA:8,2,0,36
BRDA:10,3,0,5
BRDA:12,4,0,36
BRDA:17,5,0,3
BRDA:21,6,0,28
BRDA:25,7,0,5
BRF:8
BRH:8
end_of_record
TN:
SF:src\middlewares\validation.middlewares.js
FN:3,responseValidationResult
FNF:1
FNH:1
FNDA:15,responseValidationResult
DA:1,1
DA:2,1
DA:3,1
DA:4,15
DA:5,15
DA:6,4
DA:7,4
DA:8,11
DA:9,11
DA:10,1
DA:11,1
DA:12,1
DA:13,1
DA:14,1
DA:15,1
DA:16,1
DA:17,1
DA:18,1
DA:19,1
DA:20,1
DA:21,1
DA:22,1
DA:23,1
DA:24,1
DA:25,1
DA:26,1
DA:27,1
DA:28,1
DA:29,1
DA:30,1
DA:31,1
DA:32,1
DA:33,1
DA:34,1
DA:35,1
DA:36,1
DA:37,1
LF:37
LH:37
BRDA:3,0,0,15
BRDA:5,1,0,4
BRDA:7,2,0,11
BRF:3
BRH:3
end_of_record
TN:
SF:src\models\order.models.js
FNF:0
FNH:0
DA:1,1
DA:2,1
DA:3,1
DA:4,1
DA:5,1
DA:6,1
DA:7,1
DA:8,1
DA:9,1
DA:10,1
DA:11,1
DA:12,1
DA:13,1
DA:14,1
DA:15,1
DA:16,1
DA:17,1
DA:18,1
DA:19,1
DA:20,1
DA:21,1
DA:22,1
DA:23,1
DA:24,1
DA:25,1
DA:26,1
DA:27,1
DA:28,1
DA:29,1
DA:30,1
DA:31,1
DA:32,1
DA:33,1
DA:34,1
DA:35,1
DA:36,1
DA:37,1
DA:38,1
DA:39,1
DA:40,1
DA:41,1
DA:42,1
DA:43,1
DA:44,1
DA:45,1
DA:46,1
DA:47,1
DA:48,1
DA:49,1
DA:50,1
DA:51,1
DA:52,1
DA:53,1
DA:54,1
DA:55,1
DA:56,1
DA:57,1
DA:58,1
DA:59,1
DA:60,1
DA:61,1
DA:62,1
DA:63,1
DA:64,1
DA:65,1
DA:66,1
DA:67,1
DA:68,1
DA:69,1
DA:70,1
LF:70
LH:70
BRF:0
BRH:0
end_of_record
TN:
SF:src\routes\order.routes.js
FNF:0
FNH:0
DA:1,1
DA:2,1
DA:3,1
DA:4,1
DA:5,1
DA:6,1
DA:7,1
DA:8,1
DA:9,1
DA:10,1
DA:11,1
DA:12,1
DA:13,1
DA:14,1
LF:14
LH:14
BRF:0
BRH:0
end_of_record
