TN:
SF:src\app.js
FNF:0
FNH:0
DA:1,1
DA:2,1
DA:3,1
DA:4,1
DA:5,1
DA:6,1
DA:7,1
DA:8,1
DA:9,1
DA:10,1
DA:11,1
DA:12,1
DA:13,1
DA:14,1
DA:15,0
DA:16,0
DA:17,0
DA:18,1
DA:19,1
DA:20,1
DA:21,1
DA:22,1
LF:22
LH:19
BRF:0
BRH:0
end_of_record
TN:
SF:src\broker\broker.js
FN:8,connect
FN:9,publishToQueue
FN:10,subscribeToQueue
FN:16,connect
FN:27,publishToQueue
FN:34,subscribeToQueue
FNF:6
FNH:1
FNDA:0,connect
FNDA:1,publishToQueue
FNDA:0,subscribeToQueue
FNDA:0,connect
FNDA:0,publishToQueue
FNDA:0,subscribeToQueue
DA:1,1
DA:2,1
DA:3,1
DA:4,1
DA:5,1
DA:6,1
DA:7,1
DA:8,1
DA:9,1
DA:10,1
DA:11,1
DA:12,1
DA:13,1
DA:14,1
DA:15,0
DA:16,0
DA:17,0
DA:18,0
DA:19,0
DA:20,0
DA:21,0
DA:22,0
DA:23,0
DA:24,0
DA:25,0
DA:26,0
DA:27,0
DA:28,0
DA:29,0
DA:30,0
DA:31,0
DA:32,0
DA:33,0
DA:34,0
DA:35,0
DA:36,0
DA:37,0
DA:38,0
DA:39,0
DA:40,0
DA:41,0
DA:42,0
DA:43,0
DA:44,0
DA:45,0
DA:46,0
DA:47,0
DA:48,0
DA:49,0
LF:49
LH:14
BRDA:14,0,0,0
BRDA:9,1,0,1
BRF:2
BRH:1
end_of_record
TN:
SF:src\controllers\order.controllers.js
FN:7,createOrder
FN:83,getMyOrder
FN:117,getOrderById
FN:146,cancelOrderById
FN:187,updateOrderAddress
FNF:5
FNH:5
FNDA:5,createOrder
FNDA:4,getMyOrder
FNDA:4,getOrderById
FNDA:5,cancelOrderById
FNDA:5,updateOrderAddress
DA:1,1
DA:2,1
DA:3,1
DA:4,1
DA:5,1
DA:6,1
DA:7,5
DA:8,5
DA:9,5
DA:10,5
DA:11,5
DA:12,5
DA:13,5
DA:14,5
DA:15,5
DA:16,5
DA:17,4
DA:18,4
DA:19,4
DA:20,4
DA:21,5
DA:22,1
DA:23,1
DA:24,3
DA:25,3
DA:26,3
DA:27,3
DA:28,3
DA:29,3
DA:30,3
DA:31,2
DA:32,2
DA:33,2
DA:34,2
DA:35,2
DA:36,2
DA:37,1
DA:38,1
DA:39,1
DA:40,1
DA:41,1
DA:42,1
DA:43,1
DA:44,1
DA:45,1
DA:46,1
DA:47,1
DA:48,1
DA:49,1
DA:50,1
DA:51,1
DA:52,1
DA:53,1
DA:54,1
DA:55,2
DA:56,2
DA:57,2
DA:58,2
DA:59,2
DA:60,2
DA:61,2
DA:62,2
DA:63,2
DA:64,2
DA:65,2
DA:66,1
DA:67,1
DA:68,1
DA:69,5
DA:70,3
DA:71,3
DA:72,3
DA:73,3
DA:74,3
DA:75,0
DA:76,3
DA:77,3
DA:78,3
DA:79,0
DA:80,0
DA:81,5
DA:82,1
DA:83,4
DA:84,4
DA:85,4
DA:86,4
DA:87,4
DA:88,4
DA:89,4
DA:90,4
DA:91,4
DA:92,4
DA:93,4
DA:94,4
DA:95,4
DA:96,4
DA:97,4
DA:98,4
DA:99,4
DA:100,4
DA:101,4
DA:102,4
DA:103,4
DA:104,4
DA:105,4
DA:106,4
DA:107,4
DA:108,4
DA:109,4
DA:110,4
DA:111,0
DA:112,0
DA:113,0
DA:114,0
DA:115,4
DA:116,4
DA:117,4
DA:118,4
DA:119,4
DA:120,4
DA:121,4
DA:122,4
DA:123,4
DA:124,3
DA:125,4
DA:126,1
DA:127,1
DA:128,1
DA:129,1
DA:130,2
DA:131,4
DA:132,1
DA:133,1
DA:134,1
DA:135,1
DA:136,1
DA:137,1
DA:138,1
DA:139,1
DA:140,1
DA:141,1
DA:142,1
DA:143,1
DA:144,4
DA:145,1
DA:146,5
DA:147,5
DA:148,5
DA:149,5
DA:150,5
DA:151,1
DA:152,1
DA:153,4
DA:154,4
DA:155,4
DA:156,4
DA:157,4
DA:158,4
DA:159,5
DA:160,1
DA:161,1
DA:162,1
DA:163,1
DA:164,3
DA:165,5
DA:166,1
DA:167,1
DA:168,1
DA:169,1
DA:170,5
DA:171,1
DA:172,1
DA:173,1
DA:174,1
DA:175,1
DA:176,1
DA:177,1
DA:178,1
DA:179,1
DA:180,5
DA:181,0
DA:182,0
DA:183,0
DA:184,0
DA:185,5
DA:186,1
DA:187,5
DA:188,5
DA:189,5
DA:190,5
DA:191,5
DA:192,1
DA:193,1
DA:194,1
DA:195,1
DA:196,4
DA:197,4
DA:198,4
DA:199,5
DA:200,1
DA:201,1
DA:202,1
DA:203,1
DA:204,3
DA:205,5
DA:206,1
DA:207,1
DA:208,1
DA:209,1
DA:210,5
DA:211,1
DA:212,1
DA:213,1
DA:214,1
DA:215,1
DA:216,1
DA:217,1
DA:218,1
DA:219,5
DA:220,5
DA:221,5
DA:222,5
DA:223,1
DA:224,5
DA:225,0
DA:226,0
DA:227,0
DA:228,0
DA:229,1
DA:230,1
DA:231,1
DA:232,1
DA:233,1
DA:234,1
DA:235,1
DA:236,1
DA:237,1
DA:238,1
DA:239,1
DA:240,1
DA:241,1
DA:242,5
DA:243,0
DA:244,0
DA:245,0
DA:246,0
DA:247,5
DA:248,1
DA:249,1
DA:250,1
DA:251,1
LF:251
LH:232
BRDA:7,0,0,5
BRDA:16,1,0,4
BRDA:21,2,0,1
BRDA:23,3,0,3
BRDA:30,4,0,2
BRDA:65,5,0,1
BRDA:69,6,0,3
BRDA:71,7,0,2
BRDA:72,8,0,1
BRDA:73,9,0,0
BRDA:74,10,0,0
BRDA:78,11,0,0
BRDA:24,12,0,3
BRDA:29,13,0,2
BRDA:33,14,0,2
BRDA:36,15,0,1
BRDA:34,16,0,2
BRDA:83,17,0,4
BRDA:86,18,0,2
BRDA:87,19,0,2
BRDA:110,20,0,0
BRDA:117,21,0,4
BRDA:123,22,0,3
BRDA:125,23,0,1
BRDA:129,24,0,2
BRDA:131,25,0,1
BRDA:146,26,0,5
BRDA:150,27,0,1
BRDA:152,28,0,4
BRDA:159,29,0,1
BRDA:163,30,0,3
BRDA:165,31,0,1
BRDA:169,32,0,2
BRDA:170,33,0,1
BRDA:180,34,0,0
BRDA:187,35,0,5
BRDA:191,36,0,1
BRDA:195,37,0,4
BRDA:199,38,0,1
BRDA:203,39,0,3
BRDA:205,40,0,1
BRDA:209,41,0,2
BRDA:210,42,0,1
BRDA:219,43,0,1
BRDA:220,44,0,1
BRDA:221,45,0,1
BRDA:222,46,0,1
BRDA:224,47,0,0
BRDA:228,48,0,1
BRDA:242,49,0,0
BRF:50
BRH:43
end_of_record
TN:
SF:src\db\db.js
FN:4,connectedToDB
FNF:1
FNH:1
FNDA:5,connectedToDB
DA:1,1
DA:2,1
DA:3,1
DA:4,5
DA:5,5
DA:6,5
DA:7,5
DA:8,5
DA:9,5
DA:10,0
DA:11,5
DA:12,5
DA:13,1
LF:13
LH:12
BRDA:4,0,0,5
BRDA:6,1,0,5
BRF:2
BRH:2
end_of_record
TN:
SF:src\middlewares\auth.middlewares.js
FN:6,createAuthMiddleware
FN:7,authMiddleware
FNF:2
FNH:2
FNDA:25,createAuthMiddleware
FNDA:42,authMiddleware
DA:1,1
DA:2,1
DA:3,1
DA:4,1
DA:5,1
DA:6,25
DA:7,25
DA:8,42
DA:9,42
DA:10,42
DA:11,5
DA:12,5
DA:13,37
DA:14,37
DA:15,37
DA:16,37
DA:17,42
DA:18,5
DA:19,5
DA:20,5
DA:21,5
DA:22,27
DA:23,27
DA:24,27
DA:25,42
DA:26,5
DA:27,5
DA:28,42
DA:29,25
DA:30,1
DA:31,1
LF:31
LH:31
BRDA:6,0,0,25
BRDA:7,1,0,42
BRDA:8,2,0,37
BRDA:10,3,0,5
BRDA:12,4,0,37
BRDA:17,5,0,5
BRDA:21,6,0,27
BRDA:25,7,0,5
BRF:8
BRH:8
end_of_record
TN:
SF:src\middlewares\validation.middlewares.js
FN:3,responseValidationResult
FNF:1
FNH:1
FNDA:14,responseValidationResult
DA:1,1
DA:2,1
DA:3,1
DA:4,14
DA:5,14
DA:6,4
DA:7,4
DA:8,10
DA:9,10
DA:10,1
DA:11,1
DA:12,1
DA:13,1
DA:14,1
DA:15,1
DA:16,1
DA:17,1
DA:18,1
DA:19,1
DA:20,1
DA:21,1
DA:22,1
DA:23,1
DA:24,1
DA:25,1
DA:26,1
DA:27,1
DA:28,1
DA:29,1
DA:30,1
DA:31,1
DA:32,1
DA:33,1
DA:34,1
DA:35,1
DA:36,1
DA:37,1
LF:37
LH:37
BRDA:3,0,0,14
BRDA:5,1,0,4
BRDA:7,2,0,10
BRF:3
BRH:3
end_of_record
TN:
SF:src\models\order.models.js
FNF:0
FNH:0
DA:1,1
DA:2,1
DA:3,1
DA:4,1
DA:5,1
DA:6,1
DA:7,1
DA:8,1
DA:9,1
DA:10,1
DA:11,1
DA:12,1
DA:13,1
DA:14,1
DA:15,1
DA:16,1
DA:17,1
DA:18,1
DA:19,1
DA:20,1
DA:21,1
DA:22,1
DA:23,1
DA:24,1
DA:25,1
DA:26,1
DA:27,1
DA:28,1
DA:29,1
DA:30,1
DA:31,1
DA:32,1
DA:33,1
DA:34,1
DA:35,1
DA:36,1
DA:37,1
DA:38,1
DA:39,1
DA:40,1
DA:41,1
DA:42,1
DA:43,1
DA:44,1
DA:45,1
DA:46,1
DA:47,1
DA:48,1
DA:49,1
DA:50,1
DA:51,1
DA:52,1
DA:53,1
DA:54,1
DA:55,1
DA:56,1
DA:57,1
DA:58,1
DA:59,1
DA:60,1
DA:61,1
DA:62,1
DA:63,1
DA:64,1
DA:65,1
DA:66,1
DA:67,1
DA:68,1
DA:69,1
DA:70,1
LF:70
LH:70
BRF:0
BRH:0
end_of_record
TN:
SF:src\routes\order.routes.js
FNF:0
FNH:0
DA:1,1
DA:2,1
DA:3,1
DA:4,1
DA:5,1
DA:6,1
DA:7,1
DA:8,1
DA:9,1
DA:10,1
DA:11,1
DA:12,1
DA:13,1
DA:14,1
LF:14
LH:14
BRF:0
BRH:0
end_of_record
